#
# A fatal error has been detected by the Java Runtime Environment:
#
#  EXCEPTION_ACCESS_VIOLATION (0xc0000005) at pc=0x000000006d3fa0a5, pid=8748, tid=0x0000000000001850
#
# JRE version: Java(TM) SE Runtime Environment (8.0_101-b13) (build 1.8.0_101-b13)
# Java VM: Java HotSpot(TM) 64-Bit Server VM (25.101-b13 mixed mode windows-amd64 compressed oops)
# Problematic frame:
# V  [jvm.dll+0x12a0a5]
#
# Failed to write core dump. Minidumps are not enabled by default on client versions of Windows
#
# If you would like to submit a bug report, please visit:
#   http://bugreport.java.com/bugreport/crash.jsp
#

---------------  T H R E A D  ---------------

Current thread (0x000000001715e000):  JavaThread "JDWP Transport Listener: dt_socket" daemon [_thread_in_vm, id=6224, stack(0x0000000018fa0000,0x00000000190a0000)]

siginfo: ExceptionCode=0xc0000005, reading address 0xffffffffffffffff

Registers:
RAX=0x000000001909f201, RBX=0x000000001715e000, RCX=0x006f00720044005c, RDX=0x0000000000000000
RSP=0x000000001909f1e0, RBP=0x006f00720044005c, RSI=0x000000001909f2f8, RDI=0x0000000002549a40
R8 =0x000000001715e000, R9 =0x0000000000008000, R10=0x0000000000000000, R11=0x0000000019f89418
R12=0x0000000000000000, R13=0x000000001715e938, R14=0x0000000000000000, R15=0x0000000000000000
RIP=0x000000006d3fa0a5, EFLAGS=0x0000000000010206

Top of Stack: (sp=0x000000001909f1e0)
0x000000001909f1e0:   000000001715e000 000000001715e000
0x000000001909f1f0:   000000001909f2a8 000000006d602f0b
0x000000001909f200:   000000001715e000 000000006d61f76d
0x000000001909f210:   0000000000000000 000000006e0a9155
0x000000001909f220:   000000001fa9e0c8 000000006e0b291e
0x000000001909f230:   000000001715e000 0000000000000000
0x000000001909f240:   0000000000000000 0000000000000000
0x000000001909f250:   006f00720044005c 000000006e0b1a15
0x000000001909f260:   000000001909f2f8 000000001909f2d0
0x000000001909f270:   0000000000000001 000000001fa9e0c8
0x000000001909f280:   006f00720044005c 000000006e0953b3
0x000000001909f290:   000000001909f3c0 0000000000000001
0x000000001909f2a0:   0000000000000001 000000001fa9e0c8
0x000000001909f2b0:   0000000000000009 0000000000000000
0x000000001909f2c0:   0000000000000000 0000000000000000
0x000000001909f2d0:   0000000000000001 000000006e095571 

Instructions: (pc=0x000000006d3fa0a5)
0x000000006d3fa085:   cc cc cc cc cc cc cc cc cc cc cc 48 83 ec 28 48
0x000000006d3fa095:   85 c9 75 07 33 c0 48 83 c4 28 c3 48 89 5c 24 20
0x000000006d3fa0a5:   48 8b 19 48 85 db 74 20 48 83 fb 37 74 1a 48 8b
0x000000006d3fa0b5:   13 48 8b cb ff 52 10 84 c0 74 0d 48 8b c3 48 8b 


Register to memory mapping:

RAX=0x000000001909f201 is pointing into the stack for thread: 0x000000001715e000
RBX=0x000000001715e000 is a thread
RCX=0x006f00720044005c is an unknown value
RDX=0x0000000000000000 is an unknown value
RSP=0x000000001909f1e0 is pointing into the stack for thread: 0x000000001715e000
RBP=0x006f00720044005c is an unknown value
RSI=0x000000001909f2f8 is pointing into the stack for thread: 0x000000001715e000
RDI=0x0000000002549a40 is an unknown value
R8 =0x000000001715e000 is a thread
R9 =0x0000000000008000 is an unknown value
R10=0x0000000000000000 is an unknown value
R11=0x0000000019f89418 is an unknown value
R12=0x0000000000000000 is an unknown value
R13=0x000000001715e938 is an unknown value
R14=0x0000000000000000 is an unknown value
R15=0x0000000000000000 is an unknown value


Stack: [0x0000000018fa0000,0x00000000190a0000],  sp=0x000000001909f1e0,  free space=1020k
Native frames: (J=compiled Java code, j=interpreted, Vv=VM code, C=native code)
V  [jvm.dll+0x12a0a5]
V  [jvm.dll+0x34f76d]
C  [jdwp.dll+0x21a15]
C  [jdwp.dll+0x53b3]
C  [jdwp.dll+0x5571]
C  [jdwp.dll+0xf0a8]
C  [jdwp.dll+0x1f2d5]
C  [jdwp.dll+0x1f4aa]
V  [jvm.dll+0x1bd258]
V  [jvm.dll+0x2451a4]
V  [jvm.dll+0x29c18a]
C  [msvcr100.dll+0x21d9f]
C  [msvcr100.dll+0x21e3b]
C  [KERNEL32.DLL+0x8364]
C  [ntdll.dll+0x670d1]


---------------  P R O C E S S  ---------------

Java Threads: ( => current thread )
  0x000000001a5ea800 JavaThread "nioEventLoopGroup-2-2" [_thread_in_native, id=8476, stack(0x000000001b970000,0x000000001ba70000)]
  0x000000000254e800 JavaThread "DestroyJavaVM" [_thread_blocked, id=8344, stack(0x00000000025d0000,0x00000000026d0000)]
  0x000000001987c800 JavaThread "nioEventLoopGroup-2-1" [_thread_in_native, id=4384, stack(0x000000001b870000,0x000000001b970000)]
  0x0000000019893000 JavaThread "pool-2-thread-1" [_thread_blocked, id=12632, stack(0x000000001b470000,0x000000001b570000)]
  0x00000000171d2800 JavaThread "Service Thread" daemon [_thread_blocked, id=9984, stack(0x00000000195a0000,0x00000000196a0000)]
  0x00000000171cd800 JavaThread "C1 CompilerThread1" daemon [_thread_blocked, id=2800, stack(0x00000000194a0000,0x00000000195a0000)]
  0x0000000017177000 JavaThread "C2 CompilerThread0" daemon [_thread_blocked, id=5108, stack(0x00000000193a0000,0x00000000194a0000)]
  0x0000000017166000 JavaThread "JDWP Command Reader" daemon [_thread_in_native, id=13444, stack(0x00000000192a0000,0x00000000193a0000)]
  0x0000000017163000 JavaThread "JDWP Event Helper Thread" daemon [_thread_blocked, id=8532, stack(0x00000000190a0000,0x00000000191a0000)]
=>0x000000001715e000 JavaThread "JDWP Transport Listener: dt_socket" daemon [_thread_in_vm, id=6224, stack(0x0000000018fa0000,0x00000000190a0000)]
  0x000000001714b000 JavaThread "Attach Listener" daemon [_thread_blocked, id=13612, stack(0x0000000018080000,0x0000000018180000)]
  0x0000000017147800 JavaThread "Signal Dispatcher" daemon [_thread_blocked, id=11748, stack(0x0000000017f80000,0x0000000018080000)]
  0x00000000027c8000 JavaThread "Finalizer" daemon [_thread_blocked, id=8348, stack(0x0000000017d80000,0x0000000017e80000)]
  0x00000000027be800 JavaThread "Reference Handler" daemon [_thread_blocked, id=2372, stack(0x0000000017c80000,0x0000000017d80000)]

Other Threads:
  0x0000000017117000 VMThread [stack: 0x0000000017b80000,0x0000000017c80000] [id=5436]
  0x00000000171e7000 WatcherThread [stack: 0x0000000019aa0000,0x0000000019ba0000] [id=12392]

VM state:not at safepoint (normal execution)

VM Mutex/Monitor currently owned by a thread: None

Heap:
 PSYoungGen      total 658432K, used 145343K [0x00000000d5900000, 0x0000000100000000, 0x0000000100000000)
  eden space 621568K, 18% used [0x00000000d5900000,0x00000000dc66d278,0x00000000fb800000)
  from space 36864K, 90% used [0x00000000fb800000,0x00000000fd882cc0,0x00000000fdc00000)
  to   space 36864K, 0% used [0x00000000fdc00000,0x00000000fdc00000,0x0000000100000000)
 ParOldGen       total 276992K, used 177038K [0x0000000080a00000, 0x0000000091880000, 0x00000000d5900000)
  object space 276992K, 63% used [0x0000000080a00000,0x000000008b6e3b98,0x0000000091880000)
 Metaspace       used 13167K, capacity 13392K, committed 13568K, reserved 1060864K
  class space    used 1422K, capacity 1492K, committed 1536K, reserved 1048576K

Card table byte_map: [0x0000000011b90000,0x0000000011f90000] byte_map_base: 0x000000001178b000

Marking Bits: (ParMarkBitMap*) 0x000000006daea6d0
 Begin Bits: [0x0000000012440000, 0x0000000014418000)
 End Bits:   [0x0000000014418000, 0x00000000163f0000)

Polling page: 0x00000000009c0000

CodeCache: size=245760Kb used=7111Kb max_used=7833Kb free=238649Kb
 bounds [0x00000000027d0000, 0x0000000002f90000, 0x00000000117d0000]
 total_blobs=2326 nmethods=1961 adapters=286
 compilation: enabled

Compilation events (10 events):
Event: 522.081 Thread 0x00000000171cd800 2550       3       sun.util.calendar.BaseCalendar$Date::setCache (20 bytes)
Event: 522.081 Thread 0x00000000171cd800 nmethod 2550 0x000000000291a450 code [0x000000000291a5a0, 0x000000000291a710]
Event: 533.166 Thread 0x00000000171cd800 2551       3       com.model.game.character.npc.NpcUpdating::updateNPCMovement (83 bytes)
Event: 533.167 Thread 0x00000000171cd800 nmethod 2551 0x0000000002b40ed0 code [0x0000000002b410a0, 0x0000000002b418f8]
Event: 533.167 Thread 0x00000000171cd800 2552       3       com.model.game.character.npc.NpcUpdating::appendNPCUpdateBlock (289 bytes)
Event: 533.168 Thread 0x00000000171cd800 nmethod 2552 0x0000000002a28310 code [0x0000000002a28660, 0x0000000002a2a438]
Event: 536.670 Thread 0x00000000171cd800 2553   !   3       io.netty.util.concurrent.SingleThreadEventExecutor::runAllTasks (106 bytes)
Event: 536.670 Thread 0x00000000171cd800 nmethod 2553 0x00000000029e83d0 code [0x00000000029e85c0, 0x00000000029e8ea8]
Event: 581.279 Thread 0x00000000171cd800 2554   !   3       io.netty.util.concurrent.ScheduledFutureTask::run (178 bytes)
Event: 581.280 Thread 0x00000000171cd800 nmethod 2554 0x00000000028eac10 code [0x00000000028eaec0, 0x00000000028ec6a8]

GC Heap History (10 events):
Event: 10.472 GC heap before
{Heap before GC invocations=13 (full 0):
 PSYoungGen      total 675328K, used 669568K [0x00000000d5900000, 0x0000000100000000, 0x0000000100000000)
  eden space 656384K, 100% used [0x00000000d5900000,0x00000000fda00000,0x00000000fda00000)
  from space 18944K, 69% used [0x00000000fed80000,0x00000000ffa60000,0x0000000100000000)
  to   space 19456K, 0% used [0x00000000fda00000,0x00000000fda00000,0x00000000fed00000)
 ParOldGen       total 87552K, used 44562K [0x0000000080a00000, 0x0000000085f80000, 0x00000000d5900000)
  object space 87552K, 50% used [0x0000000080a00000,0x00000000835849e0,0x0000000085f80000)
 Metaspace       used 4770K, capacity 5132K, committed 5248K, reserved 1056768K
  class space    used 515K, capacity 564K, committed 640K, reserved 1048576K
Event: 10.499 GC heap after
Heap after GC invocations=13 (full 0):
 PSYoungGen      total 675840K, used 19456K [0x00000000d5900000, 0x0000000100000000, 0x0000000100000000)
  eden space 656384K, 0% used [0x00000000d5900000,0x00000000d5900000,0x00000000fda00000)
  from space 19456K, 100% used [0x00000000fda00000,0x00000000fed00000,0x00000000fed00000)
  to   space 19456K, 0% used [0x00000000fed00000,0x00000000fed00000,0x0000000100000000)
 ParOldGen       total 87552K, used 60322K [0x0000000080a00000, 0x0000000085f80000, 0x00000000d5900000)
  object space 87552K, 68% used [0x0000000080a00000,0x00000000844e89e0,0x0000000085f80000)
 Metaspace       used 4770K, capacity 5132K, committed 5248K, reserved 1056768K
  class space    used 515K, capacity 564K, committed 640K, reserved 1048576K
}
Event: 14.769 GC heap before
{Heap before GC invocations=14 (full 0):
 PSYoungGen      total 675840K, used 675840K [0x00000000d5900000, 0x0000000100000000, 0x0000000100000000)
  eden space 656384K, 100% used [0x00000000d5900000,0x00000000fda00000,0x00000000fda00000)
  from space 19456K, 100% used [0x00000000fda00000,0x00000000fed00000,0x00000000fed00000)
  to   space 19456K, 0% used [0x00000000fed00000,0x00000000fed00000,0x0000000100000000)
 ParOldGen       total 87552K, used 60322K [0x0000000080a00000, 0x0000000085f80000, 0x00000000d5900000)
  object space 87552K, 68% used [0x0000000080a00000,0x00000000844e89e0,0x0000000085f80000)
 Metaspace       used 4770K, capacity 5132K, committed 5248K, reserved 1056768K
  class space    used 515K, capacity 564K, committed 640K, reserved 1048576K
Event: 14.792 GC heap after
Heap after GC invocations=14 (full 0):
 PSYoungGen      total 641024K, used 19456K [0x00000000d5900000, 0x0000000100000000, 0x0000000100000000)
  eden space 621568K, 0% used [0x00000000d5900000,0x00000000d5900000,0x00000000fb800000)
  from space 19456K, 100% used [0x00000000fed00000,0x0000000100000000,0x0000000100000000)
  to   space 36864K, 0% used [0x00000000fb800000,0x00000000fb800000,0x00000000fdc00000)
 ParOldGen       total 87552K, used 81114K [0x0000000080a00000, 0x0000000085f80000, 0x00000000d5900000)
  object space 87552K, 92% used [0x0000000080a00000,0x00000000859369e0,0x0000000085f80000)
 Metaspace       used 4770K, capacity 5132K, committed 5248K, reserved 1056768K
  class space    used 515K, capacity 564K, committed 640K, reserved 1048576K
}
Event: 14.792 GC heap before
{Heap before GC invocations=15 (full 1):
 PSYoungGen      total 641024K, used 19456K [0x00000000d5900000, 0x0000000100000000, 0x0000000100000000)
  eden space 621568K, 0% used [0x00000000d5900000,0x00000000d5900000,0x00000000fb800000)
  from space 19456K, 100% used [0x00000000fed00000,0x0000000100000000,0x0000000100000000)
  to   space 36864K, 0% used [0x00000000fb800000,0x00000000fb800000,0x00000000fdc00000)
 ParOldGen       total 87552K, used 81114K [0x0000000080a00000, 0x0000000085f80000, 0x00000000d5900000)
  object space 87552K, 92% used [0x0000000080a00000,0x00000000859369e0,0x0000000085f80000)
 Metaspace       used 4770K, capacity 5132K, committed 5248K, reserved 1056768K
  class space    used 515K, capacity 564K, committed 640K, reserved 1048576K
Event: 14.900 GC heap after
Heap after GC invocations=15 (full 1):
 PSYoungGen      total 641024K, used 12240K [0x00000000d5900000, 0x0000000100000000, 0x0000000100000000)
  eden space 621568K, 0% used [0x00000000d5900000,0x00000000d5900000,0x00000000fb800000)
  from space 19456K, 62% used [0x00000000fed00000,0x00000000ff8f4008,0x0000000100000000)
  to   space 36864K, 0% used [0x00000000fb800000,0x00000000fb800000,0x00000000fdc00000)
 ParOldGen       total 150016K, used 87531K [0x0000000080a00000, 0x0000000089c80000, 0x00000000d5900000)
  object space 150016K, 58% used [0x0000000080a00000,0x0000000085f7ad58,0x0000000089c80000)
 Metaspace       used 4770K, capacity 5132K, committed 5248K, reserved 1056768K
  class space    used 515K, capacity 564K, committed 640K, reserved 1048576K
}
Event: 305.761 GC heap before
{Heap before GC invocations=16 (full 1):
 PSYoungGen      total 641024K, used 633808K [0x00000000d5900000, 0x0000000100000000, 0x0000000100000000)
  eden space 621568K, 100% used [0x00000000d5900000,0x00000000fb800000,0x00000000fb800000)
  from space 19456K, 62% used [0x00000000fed00000,0x00000000ff8f4008,0x0000000100000000)
  to   space 36864K, 0% used [0x00000000fb800000,0x00000000fb800000,0x00000000fdc00000)
 ParOldGen       total 150016K, used 87531K [0x0000000080a00000, 0x0000000089c80000, 0x00000000d5900000)
  object space 150016K, 58% used [0x0000000080a00000,0x0000000085f7ad58,0x0000000089c80000)
 Metaspace       used 13031K, capacity 13264K, committed 13568K, reserved 1060864K
  class space    used 1417K, capacity 1492K, committed 1536K, reserved 1048576K
Event: 305.849 GC heap after
Heap after GC invocations=16 (full 1):
 PSYoungGen      total 658432K, used 36861K [0x00000000d5900000, 0x0000000100000000, 0x0000000100000000)
  eden space 621568K, 0% used [0x00000000d5900000,0x00000000d5900000,0x00000000fb800000)
  from space 36864K, 99% used [0x00000000fb800000,0x00000000fdbff728,0x00000000fdc00000)
  to   space 36864K, 0% used [0x00000000fdc00000,0x00000000fdc00000,0x0000000100000000)
 ParOldGen       total 177152K, used 177139K [0x0000000080a00000, 0x000000008b700000, 0x00000000d5900000)
  object space 177152K, 99% used [0x0000000080a00000,0x000000008b6fcd78,0x000000008b700000)
 Metaspace       used 13031K, capacity 13264K, committed 13568K, reserved 1060864K
  class space    used 1417K, capacity 1492K, committed 1536K, reserved 1048576K
}
Event: 305.849 GC heap before
{Heap before GC invocations=17 (full 2):
 PSYoungGen      total 658432K, used 36861K [0x00000000d5900000, 0x0000000100000000, 0x0000000100000000)
  eden space 621568K, 0% used [0x00000000d5900000,0x00000000d5900000,0x00000000fb800000)
  from space 36864K, 99% used [0x00000000fb800000,0x00000000fdbff728,0x00000000fdc00000)
  to   space 36864K, 0% used [0x00000000fdc00000,0x00000000fdc00000,0x0000000100000000)
 ParOldGen       total 177152K, used 177139K [0x0000000080a00000, 0x000000008b700000, 0x00000000d5900000)
  object space 177152K, 99% used [0x0000000080a00000,0x000000008b6fcd78,0x000000008b700000)
 Metaspace       used 13031K, capacity 13264K, committed 13568K, reserved 1060864K
  class space    used 1417K, capacity 1492K, committed 1536K, reserved 1048576K
Event: 306.073 GC heap after
Heap after GC invocations=17 (full 2):
 PSYoungGen      total 658432K, used 33291K [0x00000000d5900000, 0x0000000100000000, 0x0000000100000000)
  eden space 621568K, 0% used [0x00000000d5900000,0x00000000d5900000,0x00000000fb800000)
  from space 36864K, 90% used [0x00000000fb800000,0x00000000fd882cc0,0x00000000fdc00000)
  to   space 36864K, 0% used [0x00000000fdc00000,0x00000000fdc00000,0x0000000100000000)
 ParOldGen       total 276992K, used 177038K [0x0000000080a00000, 0x0000000091880000, 0x00000000d5900000)
  object space 276992K, 63% used [0x0000000080a00000,0x000000008b6e3b98,0x0000000091880000)
 Metaspace       used 13031K, capacity 13264K, committed 13568K, reserved 1060864K
  class space    used 1417K, capacity 1492K, committed 1536K, reserved 1048576K
}

Deoptimization events (10 events):
Event: 38.787 Thread 0x0000000019893000 Uncommon trap: reason=unstable_if action=reinterpret pc=0x00000000028fc940 method=com.model.game.character.npc.NpcUpdating.updateNPC(Lcom/model/game/character/player/Player;Lcom/model/net/network/rsa/GameBuffer;)V @ 250
Event: 43.274 Thread 0x0000000019893000 Uncommon trap: reason=unstable_if action=reinterpret pc=0x000000000294aad4 method=com.model.net.network.rsa.GameBuffer.ensureCapacity(I)V @ 13
Event: 105.444 Thread 0x0000000019893000 Uncommon trap: reason=unstable_if action=reinterpret pc=0x0000000002a2957c method=com.model.game.character.npc.NPC.canMoveTo(Lcom/model/game/location/Position;I)Z @ 355
Event: 181.569 Thread 0x000000001a5ea800 Uncommon trap: reason=unstable_if action=reinterpret pc=0x0000000002efb438 method=io.netty.util.internal.MpscLinkedQueue.isEmpty()Z @ 4
Event: 314.169 Thread 0x000000001a5ea800 Uncommon trap: reason=unstable_if action=reinterpret pc=0x0000000002f6ebc8 method=io.netty.util.internal.MpscLinkedQueue.peekNode()Lio/netty/util/internal/MpscLinkedQueueNode; @ 19
Event: 534.968 Thread 0x000000001a5ea800 Uncommon trap: reason=unstable_if action=reinterpret pc=0x0000000002f10608 method=io.netty.util.internal.MpscLinkedQueue.peekNode()Lio/netty/util/internal/MpscLinkedQueueNode; @ 19
Event: 551.268 Thread 0x000000001a5ea800 Uncommon trap: reason=bimorphic action=maybe_recompile pc=0x00000000029d9018 method=io.netty.util.internal.MpscLinkedQueue.poll()Ljava/lang/Object; @ 26
Event: 551.268 Thread 0x000000001a5ea800 Uncommon trap: reason=bimorphic action=maybe_recompile pc=0x00000000029d8ff8 method=io.netty.util.internal.MpscLinkedQueue.poll()Ljava/lang/Object; @ 22
Event: 551.268 Thread 0x000000001a5ea800 Uncommon trap: reason=unstable_if action=reinterpret pc=0x0000000002f0a568 method=java.util.HashMap.isEmpty()Z @ 4
Event: 551.674 Thread 0x000000001a5ea800 Uncommon trap: reason=bimorphic action=maybe_recompile pc=0x00000000029d8ff8 method=io.netty.util.internal.MpscLinkedQueue.poll()Ljava/lang/Object; @ 22

Internal exceptions (10 events):
Event: 17.645 Thread 0x0000000019893000 Implicit null exception at 0x0000000002d02f70 to 0x0000000002d03069
Event: 17.645 Thread 0x0000000019893000 Implicit null exception at 0x0000000002cfb3e6 to 0x0000000002cfb4f9
Event: 17.645 Thread 0x0000000019893000 Implicit null exception at 0x0000000002ceb630 to 0x0000000002ceb6b9
Event: 17.655 Thread 0x0000000019893000 Implicit null exception at 0x0000000002c261d1 to 0x0000000002c26685
Event: 18.143 Thread 0x000000000254e800 Exception <a 'java/lang/NoClassDefFoundError': javassist/ClassPath> (0x00000000efeb6080) thrown at [C:\re\workspace\8-2-build-windows-amd64-cygwin\jdk8u101\7261\hotspot\src\share\vm\classfile\systemDictionary.cpp, line 199]
Event: 19.538 Thread 0x000000001a5ea800 Exception <a 'java/lang/ArrayIndexOutOfBoundsException'> (0x00000000f349cde0) thrown at [C:\re\workspace\8-2-build-windows-amd64-cygwin\jdk8u101\7261\hotspot\src\share\vm\runtime\sharedRuntime.cpp, line 605]
Event: 19.539 Thread 0x000000001a5ea800 Exception <a 'java/lang/ArrayIndexOutOfBoundsException'> (0x00000000f349dca0) thrown at [C:\re\workspace\8-2-build-windows-amd64-cygwin\jdk8u101\7261\hotspot\src\share\vm\runtime\sharedRuntime.cpp, line 605]
Event: 19.669 Thread 0x000000001a5ea800 Exception <a 'java/lang/ArrayIndexOutOfBoundsException'> (0x00000000f3710688) thrown at [C:\re\workspace\8-2-build-windows-amd64-cygwin\jdk8u101\7261\hotspot\src\share\vm\runtime\sharedRuntime.cpp, line 605]
Event: 26.762 Thread 0x0000000019893000 Implicit null exception at 0x0000000002d00786 to 0x0000000002d01e5d
Event: 38.463 Thread 0x0000000019893000 Implicit null exception at 0x0000000002dcc518 to 0x0000000002dcc685

Events (10 events):
Event: 584.940 Executing VM operation: EnterInterpOnlyMode
Event: 584.940 Executing nested VM operation: Deoptimize
Event: 584.940 Executing nested VM operation: Deoptimize done
Event: 584.940 Executing VM operation: EnterInterpOnlyMode done
Event: 584.940 Executing VM operation: ChangeSingleStep
Event: 584.940 Executing VM operation: ChangeSingleStep done
Event: 584.940 Executing VM operation: ChangeSingleStep
Event: 584.940 Executing VM operation: ChangeSingleStep done
Event: 584.947 Executing VM operation: RedefineClasses
Event: 584.957 Executing VM operation: RedefineClasses done


Dynamic libraries:
0x00007ff62a900000 - 0x00007ff62a937000 	C:\Program Files\Java\jre1.8.0_101\bin\javaw.exe
0x00007ffadee00000 - 0x00007ffadefd1000 	C:\WINDOWS\SYSTEM32\ntdll.dll
0x00007ffade7b0000 - 0x00007ffade85b000 	C:\WINDOWS\System32\KERNEL32.DLL
0x00007ffadc170000 - 0x00007ffadc38d000 	C:\WINDOWS\System32\KERNELBASE.dll
0x00007ffadda70000 - 0x00007ffaddb12000 	C:\WINDOWS\System32\ADVAPI32.dll
0x00007ffade0f0000 - 0x00007ffade18e000 	C:\WINDOWS\System32\msvcrt.dll
0x00007ffade860000 - 0x00007ffade8b9000 	C:\WINDOWS\System32\sechost.dll
0x00007ffadeaf0000 - 0x00007ffadec11000 	C:\WINDOWS\System32\RPCRT4.dll
0x00007ffadec90000 - 0x00007ffadedf5000 	C:\WINDOWS\System32\USER32.dll
0x00007ffadb3b0000 - 0x00007ffadb3ce000 	C:\WINDOWS\System32\win32u.dll
0x00007ffadda30000 - 0x00007ffadda64000 	C:\WINDOWS\System32\GDI32.dll
0x00007ffadb3d0000 - 0x00007ffadb552000 	C:\WINDOWS\System32\gdi32full.dll
0x00007fface930000 - 0x00007ffacebaa000 	C:\WINDOWS\WinSxS\amd64_microsoft.windows.common-controls_6595b64144ccf1df_6.0.14393.953_none_42151e83c686086b\COMCTL32.dll
0x00007ffade240000 - 0x00007ffade508000 	C:\WINDOWS\System32\combase.dll
0x00007ffadb560000 - 0x00007ffadb655000 	C:\WINDOWS\System32\ucrtbase.dll
0x00007ffadb2f0000 - 0x00007ffadb35a000 	C:\WINDOWS\System32\bcryptPrimitives.dll
0x00007ffade190000 - 0x00007ffade1be000 	C:\WINDOWS\System32\IMM32.DLL
0x000000006e0d0000 - 0x000000006e1a2000 	C:\Program Files\Java\jre1.8.0_101\bin\msvcr100.dll
0x000000006d2d0000 - 0x000000006db6a000 	C:\Program Files\Java\jre1.8.0_101\bin\server\jvm.dll
0x00007ffadea80000 - 0x00007ffadea88000 	C:\WINDOWS\System32\PSAPI.DLL
0x00007ffacd5d0000 - 0x00007ffacd5d9000 	C:\WINDOWS\SYSTEM32\WSOCK32.dll
0x00007ffade1d0000 - 0x00007ffade23a000 	C:\WINDOWS\System32\WS2_32.dll
0x00007ffad96d0000 - 0x00007ffad96f3000 	C:\WINDOWS\SYSTEM32\WINMM.dll
0x00007ffada010000 - 0x00007ffada01a000 	C:\WINDOWS\SYSTEM32\VERSION.dll
0x00007ffad9670000 - 0x00007ffad969b000 	C:\WINDOWS\SYSTEM32\WINMMBASE.dll
0x00007ffadb360000 - 0x00007ffadb3a2000 	C:\WINDOWS\System32\cfgmgr32.dll
0x000000006d2c0000 - 0x000000006d2cf000 	C:\Program Files\Java\jre1.8.0_101\bin\verify.dll
0x000000006d290000 - 0x000000006d2b9000 	C:\Program Files\Java\jre1.8.0_101\bin\java.dll
0x000000006e090000 - 0x000000006e0c5000 	C:\Program Files\Java\jre1.8.0_101\bin\jdwp.dll
0x000000006e080000 - 0x000000006e088000 	C:\Program Files\Java\jre1.8.0_101\bin\npt.dll
0x000000006d270000 - 0x000000006d286000 	C:\Program Files\Java\jre1.8.0_101\bin\zip.dll
0x00007ffadc520000 - 0x00007ffadda29000 	C:\WINDOWS\System32\SHELL32.dll
0x00007ffadb980000 - 0x00007ffadc05a000 	C:\WINDOWS\System32\windows.storage.dll
0x00007ffadb280000 - 0x00007ffadb2cc000 	C:\WINDOWS\System32\powrprof.dll
0x00007ffadc390000 - 0x00007ffadc3e2000 	C:\WINDOWS\System32\shlwapi.dll
0x00007ffadb2e0000 - 0x00007ffadb2ef000 	C:\WINDOWS\System32\kernel.appcore.dll
0x00007ffadc0c0000 - 0x00007ffadc169000 	C:\WINDOWS\System32\shcore.dll
0x00007ffadb260000 - 0x00007ffadb274000 	C:\WINDOWS\System32\profapi.dll
0x000000006e070000 - 0x000000006e079000 	C:\Program Files\Java\jre1.8.0_101\bin\dt_socket.dll
0x00007ffac6f40000 - 0x00007ffac6f56000 	C:\WINDOWS\system32\napinsp.dll
0x00007ffac6f60000 - 0x00007ffac6f7a000 	C:\WINDOWS\system32\pnrpnsp.dll
0x00007ffad8d40000 - 0x00007ffad8d58000 	C:\WINDOWS\system32\NLAapi.dll
0x00007ffadab90000 - 0x00007ffadabec000 	C:\WINDOWS\System32\mswsock.dll
0x00007ffada950000 - 0x00007ffada9f1000 	C:\WINDOWS\SYSTEM32\DNSAPI.dll
0x00007ffadc4f0000 - 0x00007ffadc4f8000 	C:\WINDOWS\System32\NSI.dll
0x00007ffada910000 - 0x00007ffada948000 	C:\WINDOWS\SYSTEM32\IPHLPAPI.DLL
0x00007ffac7bb0000 - 0x00007ffac7bbe000 	C:\WINDOWS\System32\winrnr.dll
0x000000006f680000 - 0x000000006f6a6000 	C:\Program Files\Bonjour\mdnsNSP.dll
0x0000000180000000 - 0x000000018006d000 	C:\WINDOWS\system32\LavasoftTcpService64.dll
0x00007ffade670000 - 0x00007ffade7a7000 	C:\WINDOWS\System32\ole32.dll
0x00007ffade960000 - 0x00007ffadea1f000 	C:\WINDOWS\System32\OLEAUT32.dll
0x00007ffadb830000 - 0x00007ffadb8cc000 	C:\WINDOWS\System32\msvcp_win.dll
0x00007ffadaf60000 - 0x00007ffadaf8c000 	C:\WINDOWS\SYSTEM32\SspiCli.dll
0x00007ffad5040000 - 0x00007ffad50aa000 	C:\WINDOWS\System32\fwpuclnt.dll
0x00007ffadae40000 - 0x00007ffadae6b000 	C:\WINDOWS\SYSTEM32\bcrypt.dll
0x00007ffad98f0000 - 0x00007ffad9985000 	C:\WINDOWS\system32\uxtheme.dll
0x00007ffad41b0000 - 0x00007ffad41ba000 	C:\Windows\System32\rasadhlp.dll
0x00007ffade8c0000 - 0x00007ffade95f000 	C:\WINDOWS\System32\clbcatq.dll
0x00007ffadb130000 - 0x00007ffadb1c8000 	C:\WINDOWS\SYSTEM32\sxs.dll
0x000000006d250000 - 0x000000006d26a000 	C:\Program Files\Java\jre1.8.0_101\bin\net.dll
0x000000006d230000 - 0x000000006d241000 	C:\Program Files\Java\jre1.8.0_101\bin\nio.dll
0x00007ffadad30000 - 0x00007ffadad47000 	C:\WINDOWS\SYSTEM32\CRYPTSP.dll
0x00007ffada790000 - 0x00007ffada7c3000 	C:\WINDOWS\system32\rsaenh.dll
0x00007ffadaa10000 - 0x00007ffadaa2f000 	C:\WINDOWS\SYSTEM32\USERENV.dll
0x00007ffadad50000 - 0x00007ffadad5b000 	C:\WINDOWS\SYSTEM32\CRYPTBASE.dll
0x00007ffad54a0000 - 0x00007ffad54b6000 	C:\WINDOWS\SYSTEM32\dhcpcsvc6.DLL
0x00007ffad5480000 - 0x00007ffad549a000 	C:\WINDOWS\SYSTEM32\dhcpcsvc.DLL
0x00007ffacf230000 - 0x00007ffacf3c2000 	C:\WINDOWS\SYSTEM32\dbghelp.dll

VM Arguments:
jvm_args: -agentlib:jdwp=transport=dt_socket,suspend=y,address=localhost:62687 -Dfile.encoding=Cp1252 
java_command: com.model.Server
java_class_path (initial): C:\Users\patrick\Dropbox\Luzoxpk\luzoxpk\Server\bin;C:\Users\patrick\Dropbox\Luzoxpk\luzoxpk\Server\lib\collisionmap.jar;C:\Users\patrick\Dropbox\Luzoxpk\luzoxpk\Server\lib\commons-compress-1.0.jar;C:\Users\patrick\Dropbox\Luzoxpk\luzoxpk\Server\lib\commons-io-2.4.jar;C:\Users\patrick\Dropbox\Luzoxpk\luzoxpk\Server\lib\commons-lang3-3.3.2.jar;C:\Users\patrick\Dropbox\Luzoxpk\luzoxpk\Server\lib\CopyLibs\org-netbeans-modules-java-j2seproject-copylibstask.jar;C:\Users\patrick\Dropbox\Luzoxpk\luzoxpk\Server\lib\gson-2.2.4.jar;C:\Users\patrick\Dropbox\Luzoxpk\luzoxpk\Server\lib\guava-18.0-javadoc.jar;C:\Users\patrick\Dropbox\Luzoxpk\luzoxpk\Server\lib\json-lib-2.4-jdk15.jar;C:\Users\patrick\Dropbox\Luzoxpk\luzoxpk\Server\lib\mchange-commons-java-0.2.8.jar;C:\Users\patrick\Dropbox\Luzoxpk\luzoxpk\Server\lib\mina-core-2.0.0-M6.jar;C:\Users\patrick\Dropbox\Luzoxpk\luzoxpk\Server\lib;C:\Users\patrick\Dropbox\Luzoxpk\luzoxpk\Server\lib\motiservice-api-1-0-2.jar;C:\Users\patrick\Dropbox\Luzoxpk\luzoxpk\Server\lib\mvgate2.jar;C:\Users\patrick\Dropbox\Luzoxpk\luzoxpk\Server\lib\mysql.jar;C:\Users\patrick\Dropbox\Luzoxpk\luzoxpk\Server\lib\netty-all-4.0.27.Final.jar;C:\Users\patrick\Dropbox\Luzoxpk\luzoxpk\Server\lib\spark-pebble-plugin-1.0.jar
Launcher Type: SUN_STANDARD

Environment Variables:
PATH=C:/Program Files/Java/jre1.8.0_101/bin/server;C:/Program Files/Java/jre1.8.0_101/bin;C:/Program Files/Java/jre1.8.0_101/lib/amd64;C:\ProgramData\Oracle\Java\javapath;C:\WINDOWS\system32;C:\WINDOWS;C:\WINDOWS\System32\Wbem;C:\WINDOWS\System32\WindowsPowerShell\v1.0\;C:\Program Files (x86)\Common Files\Acronis\SnapAPI\;C:\Program Files (x86)\Skype\Phone\;C:\Users\patrick\AppData\Local\Microsoft\WindowsApps;;C:\Users\patrick\eclipse\java-neon\eclipse;
USERNAME=patrick
OS=Windows_NT
PROCESSOR_IDENTIFIER=Intel64 Family 6 Model 60 Stepping 3, GenuineIntel



---------------  S Y S T E M  ---------------

OS: Windows 10.0 , 64 bit Build 14393 (10.0.14393.0)

CPU:total 2 (2 cores per cpu, 1 threads per core) family 6 model 60 stepping 3, cmov, cx8, fxsr, mmx, sse, sse2, sse3, ssse3, sse4.1, sse4.2, popcnt, clmul, erms, lzcnt, tsc, tscinvbit

Memory: 4k page, physical 8343868k(2068860k free), swap 9851196k(1327004k free)

vm_info: Java HotSpot(TM) 64-Bit Server VM (25.101-b13) for windows-amd64 JRE (1.8.0_101-b13), built on Jun 22 2016 01:21:29 by "java_re" with MS VC++ 10.0 (VS2010)

time: Fri Apr 07 19:03:02 2017
elapsed time: 584 seconds (0d 0h 9m 44s)

