#
# A fatal error has been detected by the Java Runtime Environment:
#
#  EXCEPTION_ACCESS_VIOLATION (0xc0000005) at pc=0x000000006d55a0a5, pid=10048, tid=0x00000000000034f0
#
# JRE version: Java(TM) SE Runtime Environment (8.0_101-b13) (build 1.8.0_101-b13)
# Java VM: Java HotSpot(TM) 64-Bit Server VM (25.101-b13 mixed mode windows-amd64 compressed oops)
# Problematic frame:
# V  [jvm.dll+0x12a0a5]
#
# Failed to write core dump. Minidumps are not enabled by default on client versions of Windows
#
# If you would like to submit a bug report, please visit:
#   http://bugreport.java.com/bugreport/crash.jsp
#

---------------  T H R E A D  ---------------

Current thread (0x00000000176ed800):  JavaThread "JDWP Transport Listener: dt_socket" daemon [_thread_in_vm, id=13552, stack(0x0000000018fd0000,0x00000000190d0000)]

siginfo: ExceptionCode=0xc0000005, reading address 0xffffffffffffffff

Registers:
RAX=0x00000000190cef01, RBX=0x00000000176ed800, RCX=0x614d6e6f69746365, RDX=0x0000000000000000
RSP=0x00000000190cef50, RBP=0x614d6e6f69746365, RSI=0x00000000190cf068, RDI=0x0000000002d39a40
R8 =0x00000000176ed800, R9 =0x0000000000008000, R10=0x0000000000000000, R11=0x00000000190cf295
R12=0x0000000000000000, R13=0x00000000176ee1e8, R14=0x0000000000000000, R15=0x0000000000000000
RIP=0x000000006d55a0a5, EFLAGS=0x0000000000010206

Top of Stack: (sp=0x00000000190cef50)
0x00000000190cef50:   00000000176ed800 00000000176ed800
0x00000000190cef60:   00000000190cf018 000000006d762f0b
0x00000000190cef70:   00000000176ed800 000000006d77f76d
0x00000000190cef80:   0000000000000000 000000006ed29155
0x00000000190cef90:   000000001998db88 000000006ed3291e
0x00000000190cefa0:   00000000176ed800 0000000000000000
0x00000000190cefb0:   0000000000000000 0000000000000000
0x00000000190cefc0:   614d6e6f69746365 000000006ed31a15
0x00000000190cefd0:   00000000190cf068 00000000190cf040
0x00000000190cefe0:   0000000000000001 000000001998db88
0x00000000190ceff0:   614d6e6f69746365 000000006ed153b3
0x00000000190cf000:   00000000190cf130 0000000000000001
0x00000000190cf010:   0000000000000001 000000001998db88
0x00000000190cf020:   0000000000000001 0000000000000000
0x00000000190cf030:   0000000000000000 0000000000000000
0x00000000190cf040:   0000000000000001 000000006ed15571 

Instructions: (pc=0x000000006d55a0a5)
0x000000006d55a085:   cc cc cc cc cc cc cc cc cc cc cc 48 83 ec 28 48
0x000000006d55a095:   85 c9 75 07 33 c0 48 83 c4 28 c3 48 89 5c 24 20
0x000000006d55a0a5:   48 8b 19 48 85 db 74 20 48 83 fb 37 74 1a 48 8b
0x000000006d55a0b5:   13 48 8b cb ff 52 10 84 c0 74 0d 48 8b c3 48 8b 


Register to memory mapping:

RAX=0x00000000190cef01 is pointing into the stack for thread: 0x00000000176ed800
RBX=0x00000000176ed800 is a thread
RCX=0x614d6e6f69746365 is an unknown value
RDX=0x0000000000000000 is an unknown value
RSP=0x00000000190cef50 is pointing into the stack for thread: 0x00000000176ed800
RBP=0x614d6e6f69746365 is an unknown value
RSI=0x00000000190cf068 is pointing into the stack for thread: 0x00000000176ed800
RDI=0x0000000002d39a40 is an unknown value
R8 =0x00000000176ed800 is a thread
R9 =0x0000000000008000 is an unknown value
R10=0x0000000000000000 is an unknown value
R11=0x00000000190cf295 is pointing into the stack for thread: 0x00000000176ed800
R12=0x0000000000000000 is an unknown value
R13=0x00000000176ee1e8 is an unknown value
R14=0x0000000000000000 is an unknown value
R15=0x0000000000000000 is an unknown value


Stack: [0x0000000018fd0000,0x00000000190d0000],  sp=0x00000000190cef50,  free space=1019k
Native frames: (J=compiled Java code, j=interpreted, Vv=VM code, C=native code)
V  [jvm.dll+0x12a0a5]
V  [jvm.dll+0x34f76d]
C  [jdwp.dll+0x21a15]
C  [jdwp.dll+0x53b3]
C  [jdwp.dll+0x5571]
C  [jdwp.dll+0xf0a8]
C  [jdwp.dll+0x1f2d5]
C  [jdwp.dll+0x1f4aa]
V  [jvm.dll+0x1bd258]
V  [jvm.dll+0x2451a4]
V  [jvm.dll+0x29c18a]
C  [msvcr100.dll+0x21d9f]
C  [msvcr100.dll+0x21e3b]
C  [KERNEL32.DLL+0x8364]
C  [ntdll.dll+0x670d1]


---------------  P R O C E S S  ---------------

Java Threads: ( => current thread )
  0x000000001be08800 JavaThread "nioEventLoopGroup-2-2" [_thread_in_native, id=13436, stack(0x000000001d100000,0x000000001d200000)]
  0x000000001a535000 JavaThread "Thread-2" daemon [_thread_blocked, id=448, stack(0x000000001bac0000,0x000000001bbc0000)]
  0x000000001985b800 JavaThread "nioEventLoopGroup-2-1" [_thread_in_native, id=10560, stack(0x000000001b9c0000,0x000000001bac0000)]
  0x0000000019817000 JavaThread "pool-3-thread-1" [_thread_blocked, id=10624, stack(0x000000001a5d0000,0x000000001a6d0000)]
  0x000000001776c000 JavaThread "Service Thread" daemon [_thread_blocked, id=12464, stack(0x00000000194d0000,0x00000000195d0000)]
  0x0000000017757000 JavaThread "C1 CompilerThread1" daemon [_thread_blocked, id=868, stack(0x00000000193d0000,0x00000000194d0000)]
  0x0000000017704800 JavaThread "C2 CompilerThread0" daemon [_thread_blocked, id=13140, stack(0x00000000192d0000,0x00000000193d0000)]
  0x00000000176f4800 JavaThread "JDWP Command Reader" daemon [_thread_in_native, id=9388, stack(0x00000000191d0000,0x00000000192d0000)]
  0x00000000176f1000 JavaThread "JDWP Event Helper Thread" daemon [_thread_blocked, id=12060, stack(0x00000000190d0000,0x00000000191d0000)]
=>0x00000000176ed800 JavaThread "JDWP Transport Listener: dt_socket" daemon [_thread_in_vm, id=13552, stack(0x0000000018fd0000,0x00000000190d0000)]
  0x00000000176db000 JavaThread "Attach Listener" daemon [_thread_blocked, id=3940, stack(0x0000000018610000,0x0000000018710000)]
  0x00000000176d8000 JavaThread "Signal Dispatcher" daemon [_thread_blocked, id=7520, stack(0x0000000018510000,0x0000000018610000)]
  0x0000000002cb8000 JavaThread "Finalizer" daemon [_thread_blocked, id=5592, stack(0x0000000018310000,0x0000000018410000)]
  0x0000000002cae800 JavaThread "Reference Handler" daemon [_thread_blocked, id=6228, stack(0x0000000018210000,0x0000000018310000)]
  0x0000000002d3e800 JavaThread "main" [_thread_blocked, id=10308, stack(0x0000000001330000,0x0000000001430000)]

Other Threads:
  0x00000000176a7000 VMThread [stack: 0x0000000018110000,0x0000000018210000] [id=8648]
  0x0000000017778000 WatcherThread [stack: 0x00000000199d0000,0x0000000019ad0000] [id=11236]

VM state:not at safepoint (normal execution)

VM Mutex/Monitor currently owned by a thread: None

Heap:
 PSYoungGen      total 605184K, used 155468K [0x00000000d5900000, 0x0000000100000000, 0x0000000100000000)
  eden space 557056K, 19% used [0x00000000d5900000,0x00000000dc237678,0x00000000f7900000)
  from space 48128K, 99% used [0x00000000f7900000,0x00000000fa79bad0,0x00000000fa800000)
  to   space 73216K, 0% used [0x00000000fb880000,0x00000000fb880000,0x0000000100000000)
 ParOldGen       total 227328K, used 170992K [0x0000000080a00000, 0x000000008e800000, 0x00000000d5900000)
  object space 227328K, 75% used [0x0000000080a00000,0x000000008b0fc298,0x000000008e800000)
 Metaspace       used 16984K, capacity 17276K, committed 17664K, reserved 1064960K
  class space    used 1922K, capacity 2028K, committed 2048K, reserved 1048576K

Card table byte_map: [0x0000000012120000,0x0000000012520000] byte_map_base: 0x0000000011d1b000

Marking Bits: (ParMarkBitMap*) 0x000000006dc4a6d0
 Begin Bits: [0x00000000129d0000, 0x00000000149a8000)
 End Bits:   [0x00000000149a8000, 0x0000000016980000)

Polling page: 0x0000000001430000

CodeCache: size=245760Kb used=8246Kb max_used=8279Kb free=237513Kb
 bounds [0x0000000002d60000, 0x0000000003580000, 0x0000000011d60000]
 total_blobs=2749 nmethods=2352 adapters=318
 compilation: enabled

Compilation events (10 events):
Event: 368.854 Thread 0x0000000017757000 2957       3       io.netty.buffer.WrappedByteBuf::writeBytes (10 bytes)
Event: 368.854 Thread 0x0000000017757000 nmethod 2957 0x00000000034eb7d0 code [0x00000000034eb940, 0x00000000034ebb88]
Event: 368.854 Thread 0x0000000017757000 2958       3       io.netty.buffer.AbstractByteBuf::writeBytes (37 bytes)
Event: 368.854 Thread 0x0000000017757000 nmethod 2958 0x00000000033e1990 code [0x00000000033e1b40, 0x00000000033e2118]
Event: 368.854 Thread 0x0000000017757000 2959   !   3       io.netty.buffer.UnpooledUnsafeDirectByteBuf::setBytes (39 bytes)
Event: 368.854 Thread 0x0000000017757000 nmethod 2959 0x00000000033e0a50 code [0x00000000033e0c40, 0x00000000033e1538]
Event: 368.854 Thread 0x0000000017757000 2960       3       io.netty.channel.AdaptiveRecvByteBufAllocator$HandleImpl::record (115 bytes)
Event: 368.855 Thread 0x0000000017757000 nmethod 2960 0x00000000033e0050 code [0x00000000033e0200, 0x00000000033e07f0]
Event: 369.214 Thread 0x0000000017757000 2961       3       java.util.concurrent.atomic.AtomicReference::set (6 bytes)
Event: 369.214 Thread 0x0000000017757000 nmethod 2961 0x00000000033dfd10 code [0x00000000033dfe60, 0x00000000033dffd0]

GC Heap History (10 events):
Event: 5.541 GC heap before
{Heap before GC invocations=10 (full 0):
 PSYoungGen      total 546304K, used 546304K [0x00000000d5900000, 0x0000000100000000, 0x0000000100000000)
  eden space 526848K, 100% used [0x00000000d5900000,0x00000000f5b80000,0x00000000f5b80000)
  from space 19456K, 100% used [0x00000000f5b80000,0x00000000f6e80000,0x00000000f6e80000)
  to   space 27136K, 0% used [0x00000000fe580000,0x00000000fe580000,0x0000000100000000)
 ParOldGen       total 87552K, used 26484K [0x0000000080a00000, 0x0000000085f80000, 0x00000000d5900000)
  object space 87552K, 30% used [0x0000000080a00000,0x00000000823dd148,0x0000000085f80000)
 Metaspace       used 4876K, capacity 5196K, committed 5504K, reserved 1056768K
  class space    used 526K, capacity 564K, committed 640K, reserved 1048576K
Event: 5.559 GC heap after
Heap after GC invocations=10 (full 0):
 PSYoungGen      total 652800K, used 27136K [0x00000000d5900000, 0x0000000100000000, 0x0000000100000000)
  eden space 625664K, 0% used [0x00000000d5900000,0x00000000d5900000,0x00000000fbc00000)
  from space 27136K, 100% used [0x00000000fe580000,0x0000000100000000,0x0000000100000000)
  to   space 34816K, 0% used [0x00000000fbc00000,0x00000000fbc00000,0x00000000fde00000)
 ParOldGen       total 87552K, used 35740K [0x0000000080a00000, 0x0000000085f80000, 0x00000000d5900000)
  object space 87552K, 40% used [0x0000000080a00000,0x0000000082ce7148,0x0000000085f80000)
 Metaspace       used 4876K, capacity 5196K, committed 5504K, reserved 1056768K
  class space    used 526K, capacity 564K, committed 640K, reserved 1048576K
}
Event: 8.308 GC heap before
{Heap before GC invocations=11 (full 0):
 PSYoungGen      total 652800K, used 652800K [0x00000000d5900000, 0x0000000100000000, 0x0000000100000000)
  eden space 625664K, 100% used [0x00000000d5900000,0x00000000fbc00000,0x00000000fbc00000)
  from space 27136K, 100% used [0x00000000fe580000,0x0000000100000000,0x0000000100000000)
  to   space 34816K, 0% used [0x00000000fbc00000,0x00000000fbc00000,0x00000000fde00000)
 ParOldGen       total 87552K, used 35740K [0x0000000080a00000, 0x0000000085f80000, 0x00000000d5900000)
  object space 87552K, 40% used [0x0000000080a00000,0x0000000082ce7148,0x0000000085f80000)
 Metaspace       used 4876K, capacity 5196K, committed 5504K, reserved 1056768K
  class space    used 526K, capacity 564K, committed 640K, reserved 1048576K
Event: 8.334 GC heap after
Heap after GC invocations=11 (full 0):
 PSYoungGen      total 647680K, used 21888K [0x00000000d5900000, 0x0000000100000000, 0x0000000100000000)
  eden space 625664K, 0% used [0x00000000d5900000,0x00000000d5900000,0x00000000fbc00000)
  from space 22016K, 99% used [0x00000000fbc00000,0x00000000fd160000,0x00000000fd180000)
  to   space 35328K, 0% used [0x00000000fdd80000,0x00000000fdd80000,0x0000000100000000)
 ParOldGen       total 87552K, used 62844K [0x0000000080a00000, 0x0000000085f80000, 0x00000000d5900000)
  object space 87552K, 71% used [0x0000000080a00000,0x000000008475f148,0x0000000085f80000)
 Metaspace       used 4876K, capacity 5196K, committed 5504K, reserved 1056768K
  class space    used 526K, capacity 564K, committed 640K, reserved 1048576K
}
Event: 11.128 GC heap before
{Heap before GC invocations=12 (full 0):
 PSYoungGen      total 647680K, used 647552K [0x00000000d5900000, 0x0000000100000000, 0x0000000100000000)
  eden space 625664K, 100% used [0x00000000d5900000,0x00000000fbc00000,0x00000000fbc00000)
  from space 22016K, 99% used [0x00000000fbc00000,0x00000000fd160000,0x00000000fd180000)
  to   space 35328K, 0% used [0x00000000fdd80000,0x00000000fdd80000,0x0000000100000000)
 ParOldGen       total 87552K, used 62844K [0x0000000080a00000, 0x0000000085f80000, 0x00000000d5900000)
  object space 87552K, 71% used [0x0000000080a00000,0x000000008475f148,0x0000000085f80000)
 Metaspace       used 4885K, capacity 5196K, committed 5504K, reserved 1056768K
  class space    used 527K, capacity 564K, committed 640K, reserved 1048576K
Event: 11.178 GC heap after
Heap after GC invocations=12 (full 0):
 PSYoungGen      total 592384K, used 35328K [0x00000000d5900000, 0x0000000100000000, 0x0000000100000000)
  eden space 557056K, 0% used [0x00000000d5900000,0x00000000d5900000,0x00000000f7900000)
  from space 35328K, 100% used [0x00000000fdd80000,0x0000000100000000,0x0000000100000000)
  to   space 69120K, 0% used [0x00000000f7900000,0x00000000f7900000,0x00000000fbc80000)
 ParOldGen       total 138752K, used 138632K [0x0000000080a00000, 0x0000000089180000, 0x00000000d5900000)
  object space 138752K, 99% used [0x0000000080a00000,0x0000000089162040,0x0000000089180000)
 Metaspace       used 4885K, capacity 5196K, committed 5504K, reserved 1056768K
  class space    used 527K, capacity 564K, committed 640K, reserved 1048576K
}
Event: 11.178 GC heap before
{Heap before GC invocations=13 (full 1):
 PSYoungGen      total 592384K, used 35328K [0x00000000d5900000, 0x0000000100000000, 0x0000000100000000)
  eden space 557056K, 0% used [0x00000000d5900000,0x00000000d5900000,0x00000000f7900000)
  from space 35328K, 100% used [0x00000000fdd80000,0x0000000100000000,0x0000000100000000)
  to   space 69120K, 0% used [0x00000000f7900000,0x00000000f7900000,0x00000000fbc80000)
 ParOldGen       total 138752K, used 138632K [0x0000000080a00000, 0x0000000089180000, 0x00000000d5900000)
  object space 138752K, 99% used [0x0000000080a00000,0x0000000089162040,0x0000000089180000)
 Metaspace       used 4885K, capacity 5196K, committed 5504K, reserved 1056768K
  class space    used 527K, capacity 564K, committed 640K, reserved 1048576K
Event: 11.294 GC heap after
Heap after GC invocations=13 (full 1):
 PSYoungGen      total 592384K, used 32122K [0x00000000d5900000, 0x0000000100000000, 0x0000000100000000)
  eden space 557056K, 0% used [0x00000000d5900000,0x00000000d5900000,0x00000000f7900000)
  from space 35328K, 90% used [0x00000000fdd80000,0x00000000ffcde900,0x0000000100000000)
  to   space 69120K, 0% used [0x00000000f7900000,0x00000000f7900000,0x00000000fbc80000)
 ParOldGen       total 227328K, used 138748K [0x0000000080a00000, 0x000000008e800000, 0x00000000d5900000)
  object space 227328K, 61% used [0x0000000080a00000,0x000000008917f0a0,0x000000008e800000)
 Metaspace       used 4885K, capacity 5196K, committed 5504K, reserved 1056768K
  class space    used 527K, capacity 564K, committed 640K, reserved 1048576K
}
Event: 177.482 GC heap before
{Heap before GC invocations=14 (full 1):
 PSYoungGen      total 592384K, used 589178K [0x00000000d5900000, 0x0000000100000000, 0x0000000100000000)
  eden space 557056K, 100% used [0x00000000d5900000,0x00000000f7900000,0x00000000f7900000)
  from space 35328K, 90% used [0x00000000fdd80000,0x00000000ffcde900,0x0000000100000000)
  to   space 69120K, 0% used [0x00000000f7900000,0x00000000f7900000,0x00000000fbc80000)
 ParOldGen       total 227328K, used 138748K [0x0000000080a00000, 0x000000008e800000, 0x00000000d5900000)
  object space 227328K, 61% used [0x0000000080a00000,0x000000008917f0a0,0x000000008e800000)
 Metaspace       used 16420K, capacity 16738K, committed 17152K, reserved 1064960K
  class space    used 1898K, capacity 2021K, committed 2048K, reserved 1048576K
Event: 178.416 GC heap after
Heap after GC invocations=14 (full 1):
 PSYoungGen      total 605184K, used 47726K [0x00000000d5900000, 0x0000000100000000, 0x0000000100000000)
  eden space 557056K, 0% used [0x00000000d5900000,0x00000000d5900000,0x00000000f7900000)
  from space 48128K, 99% used [0x00000000f7900000,0x00000000fa79bad0,0x00000000fa800000)
  to   space 73216K, 0% used [0x00000000fb880000,0x00000000fb880000,0x0000000100000000)
 ParOldGen       total 227328K, used 170992K [0x0000000080a00000, 0x000000008e800000, 0x00000000d5900000)
  object space 227328K, 75% used [0x0000000080a00000,0x000000008b0fc298,0x000000008e800000)
 Metaspace       used 16420K, capacity 16738K, committed 17152K, reserved 1064960K
  class space    used 1898K, capacity 2021K, committed 2048K, reserved 1048576K
}

Deoptimization events (10 events):
Event: 20.672 Thread 0x0000000019817000 Uncommon trap: reason=class_check action=maybe_recompile pc=0x000000000327f6fc method=com.google.gson.internal.$Gson$Types.canonicalize(Ljava/lang/reflect/Type;)Ljava/lang/reflect/Type; @ 1
Event: 26.456 Thread 0x0000000019817000 Uncommon trap: reason=null_check action=make_not_entrant pc=0x0000000002f09b5c method=java.lang.StringCoding.deref(Ljava/lang/ThreadLocal;)Ljava/lang/Object; @ 4
Event: 27.698 Thread 0x0000000019817000 Uncommon trap: reason=unstable_if action=reinterpret pc=0x00000000034a8074 method=com.model.utility.cache.map.Region.canMove(Lcom/model/game/location/Position;I)Z @ 97
Event: 27.699 Thread 0x0000000019817000 Uncommon trap: reason=unstable_if action=reinterpret pc=0x00000000034f3728 method=com.model.utility.cache.map.Region.canMove(Lcom/model/game/location/Position;I)Z @ 250
Event: 44.463 Thread 0x0000000019817000 Uncommon trap: reason=unstable_if action=reinterpret pc=0x00000000032c4770 method=java.lang.ThreadLocal$ThreadLocalMap.getEntry(Ljava/lang/ThreadLocal;)Ljava/lang/ThreadLocal$ThreadLocalMap$Entry; @ 29
Event: 173.461 Thread 0x0000000019817000 Uncommon trap: reason=unstable_if action=reinterpret pc=0x00000000031333e4 method=java.lang.StrictMath.floorOrCeil(DDDD)D @ 90
Event: 173.461 Thread 0x0000000019817000 Uncommon trap: reason=unstable_if action=reinterpret pc=0x000000000318bdbc method=com.model.game.character.npc.NpcUpdating.updateNPC(Lcom/model/game/character/player/Player;Lcom/model/net/network/rsa/GameBuffer;)V @ 100
Event: 183.080 Thread 0x0000000019817000 Uncommon trap: reason=unstable_if action=reinterpret pc=0x0000000003225c30 method=com.model.game.character.player.Player.withinDistance(Lcom/model/game/character/npc/NPC;)Z @ 63
Event: 186.075 Thread 0x0000000019817000 Uncommon trap: reason=unstable_if action=reinterpret pc=0x000000000338df30 method=java.util.concurrent.ConcurrentHashMap.addCount(JI)V @ 121
Event: 232.855 Thread 0x000000001be08800 Uncommon trap: reason=unstable_if action=reinterpret pc=0x000000000357b080 method=io.netty.util.internal.MpscLinkedQueue.peekNode()Lio/netty/util/internal/MpscLinkedQueueNode; @ 19

Internal exceptions (10 events):
Event: 18.829 Thread 0x000000001be08800 Exception <a 'java/lang/ArrayIndexOutOfBoundsException'> (0x00000000f2760358) thrown at [C:\re\workspace\8-2-build-windows-amd64-cygwin\jdk8u101\7261\hotspot\src\share\vm\runtime\sharedRuntime.cpp, line 605]
Event: 18.829 Thread 0x000000001be08800 Exception <a 'java/lang/ArrayIndexOutOfBoundsException'> (0x00000000f2761218) thrown at [C:\re\workspace\8-2-build-windows-amd64-cygwin\jdk8u101\7261\hotspot\src\share\vm\runtime\sharedRuntime.cpp, line 605]
Event: 18.893 Thread 0x000000001be08800 Exception <a 'java/lang/ArrayIndexOutOfBoundsException'> (0x00000000f29c8878) thrown at [C:\re\workspace\8-2-build-windows-amd64-cygwin\jdk8u101\7261\hotspot\src\share\vm\runtime\sharedRuntime.cpp, line 605]
Event: 26.456 Thread 0x0000000019817000 Implicit null exception at 0x0000000002f08e4e to 0x0000000002f09b4d
Event: 186.110 Thread 0x0000000019817000 Exception <a 'java/lang/NullPointerException'> (0x00000000d716e2d0) thrown at [C:\re\workspace\8-2-build-windows-amd64-cygwin\jdk8u101\7261\hotspot\src\share\vm\interpreter\linkResolver.cpp, line 1178]
Event: 190.559 Thread 0x0000000019817000 Exception <a 'java/lang/NullPointerException'> (0x00000000d72a8488) thrown at [C:\re\workspace\8-2-build-windows-amd64-cygwin\jdk8u101\7261\hotspot\src\share\vm\interpreter\linkResolver.cpp, line 1178]
Event: 192.657 Thread 0x0000000019817000 Exception <a 'java/lang/NullPointerException'> (0x00000000d7343b30) thrown at [C:\re\workspace\8-2-build-windows-amd64-cygwin\jdk8u101\7261\hotspot\src\share\vm\interpreter\linkResolver.cpp, line 1178]
Event: 197.155 Thread 0x0000000019817000 Exception <a 'java/lang/NullPointerException'> (0x00000000d7486790) thrown at [C:\re\workspace\8-2-build-windows-amd64-cygwin\jdk8u101\7261\hotspot\src\share\vm\interpreter\linkResolver.cpp, line 1178]
Event: 199.259 Thread 0x0000000019817000 Exception <a 'java/lang/NullPointerException'> (0x00000000d7efd7c0) thrown at [C:\re\workspace\8-2-build-windows-amd64-cygwin\jdk8u101\7261\hotspot\src\share\vm\interpreter\linkResolver.cpp, line 1178]
Event: 202.554 Thread 0x0000000019817000 Exception <a 'java/lang/NullPointerException'> (0x00000000d7fea458) thrown at [C:\re\workspace\8-2-build-windows-amd64-cygwin\jdk8u101\7261\hotspot\src\share\vm\interpreter\linkResolver.cpp, line 1178]

Events (10 events):
Event: 348.040 Thread 0x0000000017757000 flushing nmethod 0x0000000003451190
Event: 348.040 Thread 0x0000000017757000 flushing nmethod 0x0000000003452b10
Event: 348.040 Thread 0x0000000017757000 flushing nmethod 0x0000000003479850
Event: 348.040 Thread 0x0000000017757000 flushing nmethod 0x000000000347d050
Event: 348.040 Thread 0x0000000017757000 flushing nmethod 0x000000000347e090
Event: 348.040 Thread 0x0000000017757000 flushing nmethod 0x000000000347f850
Event: 348.040 Thread 0x0000000017757000 flushing nmethod 0x00000000034cd1d0
Event: 348.040 Thread 0x0000000017757000 flushing nmethod 0x00000000034cd950
Event: 369.648 Executing VM operation: RedefineClasses
Event: 369.662 Executing VM operation: RedefineClasses done


Dynamic libraries:
0x00007ff6735c0000 - 0x00007ff6735f7000 	C:\Program Files\Java\jre1.8.0_101\bin\javaw.exe
0x00007ff813a20000 - 0x00007ff813bf1000 	C:\WINDOWS\SYSTEM32\ntdll.dll
0x00007ff812250000 - 0x00007ff8122fb000 	C:\WINDOWS\System32\KERNEL32.DLL
0x00007ff810d40000 - 0x00007ff810f5d000 	C:\WINDOWS\System32\KERNELBASE.dll
0x00007ff811ab0000 - 0x00007ff811b52000 	C:\WINDOWS\System32\ADVAPI32.dll
0x00007ff8116f0000 - 0x00007ff81178e000 	C:\WINDOWS\System32\msvcrt.dll
0x00007ff810fb0000 - 0x00007ff811009000 	C:\WINDOWS\System32\sechost.dll
0x00007ff811980000 - 0x00007ff811aa1000 	C:\WINDOWS\System32\RPCRT4.dll
0x00007ff8138b0000 - 0x00007ff813a15000 	C:\WINDOWS\System32\USER32.dll
0x00007ff810c20000 - 0x00007ff810c3e000 	C:\WINDOWS\System32\win32u.dll
0x00007ff811810000 - 0x00007ff811844000 	C:\WINDOWS\System32\GDI32.dll
0x00007ff8102a0000 - 0x00007ff810422000 	C:\WINDOWS\System32\gdi32full.dll
0x00007ffffac90000 - 0x00007ffffaf0a000 	C:\WINDOWS\WinSxS\amd64_microsoft.windows.common-controls_6595b64144ccf1df_6.0.14393.953_none_42151e83c686086b\COMCTL32.dll
0x00007ff811c20000 - 0x00007ff811ee8000 	C:\WINDOWS\System32\combase.dll
0x00007ff810c40000 - 0x00007ff810d35000 	C:\WINDOWS\System32\ucrtbase.dll
0x00007ff810bb0000 - 0x00007ff810c1a000 	C:\WINDOWS\System32\bcryptPrimitives.dll
0x00007ff811950000 - 0x00007ff81197e000 	C:\WINDOWS\System32\IMM32.DLL
0x000000006ed50000 - 0x000000006ee22000 	C:\Program Files\Java\jre1.8.0_101\bin\msvcr100.dll
0x000000006d430000 - 0x000000006dcca000 	C:\Program Files\Java\jre1.8.0_101\bin\server\jvm.dll
0x00007ff811850000 - 0x00007ff811858000 	C:\WINDOWS\System32\PSAPI.DLL
0x00007ff8041c0000 - 0x00007ff8041c9000 	C:\WINDOWS\SYSTEM32\WSOCK32.dll
0x00007ff8117a0000 - 0x00007ff81180a000 	C:\WINDOWS\System32\WS2_32.dll
0x00007ff80e340000 - 0x00007ff80e363000 	C:\WINDOWS\SYSTEM32\WINMM.dll
0x00007ff80ec30000 - 0x00007ff80ec3a000 	C:\WINDOWS\SYSTEM32\VERSION.dll
0x00007ff80e310000 - 0x00007ff80e33b000 	C:\WINDOWS\SYSTEM32\WINMMBASE.dll
0x00007ff810f60000 - 0x00007ff810fa2000 	C:\WINDOWS\System32\cfgmgr32.dll
0x000000006d420000 - 0x000000006d42f000 	C:\Program Files\Java\jre1.8.0_101\bin\verify.dll
0x000000006d3f0000 - 0x000000006d419000 	C:\Program Files\Java\jre1.8.0_101\bin\java.dll
0x000000006ed10000 - 0x000000006ed45000 	C:\Program Files\Java\jre1.8.0_101\bin\jdwp.dll
0x000000006ed00000 - 0x000000006ed08000 	C:\Program Files\Java\jre1.8.0_101\bin\npt.dll
0x000000006d3d0000 - 0x000000006d3e6000 	C:\Program Files\Java\jre1.8.0_101\bin\zip.dll
0x00007ff8123a0000 - 0x00007ff8138a9000 	C:\WINDOWS\System32\SHELL32.dll
0x00007ff810430000 - 0x00007ff810b0a000 	C:\WINDOWS\System32\windows.storage.dll
0x00007ff80fea0000 - 0x00007ff80feec000 	C:\WINDOWS\System32\powrprof.dll
0x00007ff8118f0000 - 0x00007ff811942000 	C:\WINDOWS\System32\shlwapi.dll
0x00007ff80fe90000 - 0x00007ff80fe9f000 	C:\WINDOWS\System32\kernel.appcore.dll
0x00007ff810140000 - 0x00007ff8101e9000 	C:\WINDOWS\System32\shcore.dll
0x00007ff80fef0000 - 0x00007ff80ff04000 	C:\WINDOWS\System32\profapi.dll
0x000000006ecf0000 - 0x000000006ecf9000 	C:\Program Files\Java\jre1.8.0_101\bin\dt_socket.dll
0x00007ffffe9c0000 - 0x00007ffffe9d6000 	C:\WINDOWS\system32\napinsp.dll
0x00007ffffc600000 - 0x00007ffffc61a000 	C:\WINDOWS\system32\pnrpnsp.dll
0x00007ff80c7b0000 - 0x00007ff80c7c8000 	C:\WINDOWS\system32\NLAapi.dll
0x00007ff80f750000 - 0x00007ff80f7ac000 	C:\WINDOWS\System32\mswsock.dll
0x00007ff80f510000 - 0x00007ff80f5b1000 	C:\WINDOWS\SYSTEM32\DNSAPI.dll
0x00007ff811790000 - 0x00007ff811798000 	C:\WINDOWS\System32\NSI.dll
0x00007ff80f4d0000 - 0x00007ff80f508000 	C:\WINDOWS\SYSTEM32\IPHLPAPI.DLL
0x00007ff800000000 - 0x00007ff80000e000 	C:\WINDOWS\System32\winrnr.dll
0x000000006f320000 - 0x000000006f346000 	C:\Program Files\Bonjour\mdnsNSP.dll
0x0000000180000000 - 0x000000018006d000 	C:\WINDOWS\system32\LavasoftTcpService64.dll
0x00007ff8120b0000 - 0x00007ff8121e7000 	C:\WINDOWS\System32\ole32.dll
0x00007ff811b60000 - 0x00007ff811c1f000 	C:\WINDOWS\System32\OLEAUT32.dll
0x00007ff810b10000 - 0x00007ff810bac000 	C:\WINDOWS\System32\msvcp_win.dll
0x00007ff80fb50000 - 0x00007ff80fb7c000 	C:\WINDOWS\SYSTEM32\SspiCli.dll
0x00007ff808670000 - 0x00007ff8086da000 	C:\WINDOWS\System32\fwpuclnt.dll
0x00007ff80fdc0000 - 0x00007ff80fdeb000 	C:\WINDOWS\SYSTEM32\bcrypt.dll
0x00007ff800c10000 - 0x00007ff800c1a000 	C:\Windows\System32\rasadhlp.dll
0x00007ff80e5c0000 - 0x00007ff80e655000 	C:\WINDOWS\system32\uxtheme.dll
0x00007ff812300000 - 0x00007ff81239f000 	C:\WINDOWS\System32\clbcatq.dll
0x00007ff80fd20000 - 0x00007ff80fdb8000 	C:\WINDOWS\SYSTEM32\sxs.dll
0x000000006d3b0000 - 0x000000006d3ca000 	C:\Program Files\Java\jre1.8.0_101\bin\net.dll
0x000000006d390000 - 0x000000006d3a1000 	C:\Program Files\Java\jre1.8.0_101\bin\nio.dll
0x00007ff80f8f0000 - 0x00007ff80f907000 	C:\WINDOWS\SYSTEM32\CRYPTSP.dll
0x00007ff80f350000 - 0x00007ff80f383000 	C:\WINDOWS\system32\rsaenh.dll
0x00007ff80f5d0000 - 0x00007ff80f5ef000 	C:\WINDOWS\SYSTEM32\USERENV.dll
0x00007ff80f910000 - 0x00007ff80f91b000 	C:\WINDOWS\SYSTEM32\CRYPTBASE.dll
0x00007ff809800000 - 0x00007ff809816000 	C:\WINDOWS\SYSTEM32\dhcpcsvc6.DLL
0x00007ff809a60000 - 0x00007ff809a7a000 	C:\WINDOWS\SYSTEM32\dhcpcsvc.DLL
0x000000006d360000 - 0x000000006d384000 	C:\Program Files\Java\jre1.8.0_101\bin\sunec.dll
0x00007ff80c7d0000 - 0x00007ff80c962000 	C:\WINDOWS\SYSTEM32\dbghelp.dll

VM Arguments:
jvm_args: -agentlib:jdwp=transport=dt_socket,suspend=y,address=localhost:49344 -Dfile.encoding=Cp1252 
java_command: com.model.Server
java_class_path (initial): C:\Users\patrick\Dropbox\Luzoxpk\luzoxpk\Server\bin;C:\Users\patrick\Dropbox\Luzoxpk\luzoxpk\Server\lib\collisionmap.jar;C:\Users\patrick\Dropbox\Luzoxpk\luzoxpk\Server\lib\commons-compress-1.0.jar;C:\Users\patrick\Dropbox\Luzoxpk\luzoxpk\Server\lib\commons-io-2.4.jar;C:\Users\patrick\Dropbox\Luzoxpk\luzoxpk\Server\lib\commons-lang3-3.3.2.jar;C:\Users\patrick\Dropbox\Luzoxpk\luzoxpk\Server\lib\CopyLibs\org-netbeans-modules-java-j2seproject-copylibstask.jar;C:\Users\patrick\Dropbox\Luzoxpk\luzoxpk\Server\lib\gson-2.2.4.jar;C:\Users\patrick\Dropbox\Luzoxpk\luzoxpk\Server\lib\guava-18.0-javadoc.jar;C:\Users\patrick\Dropbox\Luzoxpk\luzoxpk\Server\lib\json-lib-2.4-jdk15.jar;C:\Users\patrick\Dropbox\Luzoxpk\luzoxpk\Server\lib\mchange-commons-java-0.2.8.jar;C:\Users\patrick\Dropbox\Luzoxpk\luzoxpk\Server\lib\mina-core-2.0.0-M6.jar;C:\Users\patrick\Dropbox\Luzoxpk\luzoxpk\Server\lib;C:\Users\patrick\Dropbox\Luzoxpk\luzoxpk\Server\lib\motiservice-api-1-0-2.jar;C:\Users\patrick\Dropbox\Luzoxpk\luzoxpk\Server\lib\mvgate2.jar;C:\Users\patrick\Dropbox\Luzoxpk\luzoxpk\Server\lib\mysql.jar;C:\Users\patrick\Dropbox\Luzoxpk\luzoxpk\Server\lib\netty-all-4.0.27.Final.jar;C:\Users\patrick\Dropbox\Luzoxpk\luzoxpk\Server\lib\spark-pebble-plugin-1.0.jar
Launcher Type: SUN_STANDARD

Environment Variables:
PATH=C:/Program Files/Java/jre1.8.0_101/bin/server;C:/Program Files/Java/jre1.8.0_101/bin;C:/Program Files/Java/jre1.8.0_101/lib/amd64;C:\ProgramData\Oracle\Java\javapath;C:\WINDOWS\system32;C:\WINDOWS;C:\WINDOWS\System32\Wbem;C:\WINDOWS\System32\WindowsPowerShell\v1.0\;C:\Program Files (x86)\Common Files\Acronis\SnapAPI\;C:\Program Files (x86)\Skype\Phone\;C:\Users\patrick\AppData\Local\Microsoft\WindowsApps;;C:\Users\patrick\eclipse\java-neon\eclipse;
USERNAME=patrick
OS=Windows_NT
PROCESSOR_IDENTIFIER=Intel64 Family 6 Model 60 Stepping 3, GenuineIntel



---------------  S Y S T E M  ---------------

OS: Windows 10.0 , 64 bit Build 14393 (10.0.14393.0)

CPU:total 2 (2 cores per cpu, 1 threads per core) family 6 model 60 stepping 3, cmov, cx8, fxsr, mmx, sse, sse2, sse3, ssse3, sse4.1, sse4.2, popcnt, clmul, erms, lzcnt, tsc, tscinvbit

Memory: 4k page, physical 8343868k(1973592k free), swap 11227452k(2447456k free)

vm_info: Java HotSpot(TM) 64-Bit Server VM (25.101-b13) for windows-amd64 JRE (1.8.0_101-b13), built on Jun 22 2016 01:21:29 by "java_re" with MS VC++ 10.0 (VS2010)

time: Wed Mar 22 21:10:13 2017
elapsed time: 369 seconds (0d 0h 6m 9s)

