#
# A fatal error has been detected by the Java Runtime Environment:
#
#  EXCEPTION_ACCESS_VIOLATION (0xc0000005) at pc=0x00000000556ea0a5, pid=5252, tid=0x0000000000002f94
#
# JRE version: Java(TM) SE Runtime Environment (8.0_101-b13) (build 1.8.0_101-b13)
# Java VM: Java HotSpot(TM) 64-Bit Server VM (25.101-b13 mixed mode windows-amd64 compressed oops)
# Problematic frame:
# V  [jvm.dll+0x12a0a5]
#
# Failed to write core dump. Minidumps are not enabled by default on client versions of Windows
#
# If you would like to submit a bug report, please visit:
#   http://bugreport.java.com/bugreport/crash.jsp
#

---------------  T H R E A D  ---------------

Current thread (0x0000000016efd800):  JavaThread "JDWP Transport Listener: dt_socket" daemon [_thread_in_vm, id=12180, stack(0x0000000018bb0000,0x0000000018cb0000)]

siginfo: ExceptionCode=0xc0000005, reading address 0xffffffffffffffff

Registers:
RAX=0x0000000018caf601, RBX=0x0000000016efd800, RCX=0x7265746164705564, RDX=0x0000000000000000
RSP=0x0000000018caf690, RBP=0x7265746164705564, RSI=0x0000000018caf7a8, RDI=0x0000000002309a40
R8 =0x0000000016efd800, R9 =0x0000000000008000, R10=0x0000000000000000, R11=0x0000000018caf9d5
R12=0x0000000000000000, R13=0x0000000016efe1e8, R14=0x0000000000000000, R15=0x0000000000000000
RIP=0x00000000556ea0a5, EFLAGS=0x0000000000010202

Top of Stack: (sp=0x0000000018caf690)
0x0000000018caf690:   0000000016efd800 0000000016efd800
0x0000000018caf6a0:   0000000018caf758 00000000558f2f0b
0x0000000018caf6b0:   0000000016efd800 000000005590f76d
0x0000000018caf6c0:   0000000000000000 0000000055269155
0x0000000018caf6d0:   0000000019b56518 000000005527291e
0x0000000018caf6e0:   0000000016efd800 0000000000000000
0x0000000018caf6f0:   0000000000000000 0000000000000000
0x0000000018caf700:   7265746164705564 0000000055271a15
0x0000000018caf710:   0000000018caf7a8 0000000018caf780
0x0000000018caf720:   0000000000000001 0000000019b56518
0x0000000018caf730:   7265746164705564 00000000552553b3
0x0000000018caf740:   0000000018caf870 0000000000000001
0x0000000018caf750:   0000000000000001 0000000019b56518
0x0000000018caf760:   0000000000000001 0000000000000000
0x0000000018caf770:   0000000000000000 0000000000000000
0x0000000018caf780:   0000000000000001 0000000055255571 

Instructions: (pc=0x00000000556ea0a5)
0x00000000556ea085:   cc cc cc cc cc cc cc cc cc cc cc 48 83 ec 28 48
0x00000000556ea095:   85 c9 75 07 33 c0 48 83 c4 28 c3 48 89 5c 24 20
0x00000000556ea0a5:   48 8b 19 48 85 db 74 20 48 83 fb 37 74 1a 48 8b
0x00000000556ea0b5:   13 48 8b cb ff 52 10 84 c0 74 0d 48 8b c3 48 8b 


Register to memory mapping:

RAX=0x0000000018caf601 is pointing into the stack for thread: 0x0000000016efd800
RBX=0x0000000016efd800 is a thread
RCX=0x7265746164705564 is an unknown value
RDX=0x0000000000000000 is an unknown value
RSP=0x0000000018caf690 is pointing into the stack for thread: 0x0000000016efd800
RBP=0x7265746164705564 is an unknown value
RSI=0x0000000018caf7a8 is pointing into the stack for thread: 0x0000000016efd800
RDI=0x0000000002309a40 is an unknown value
R8 =0x0000000016efd800 is a thread
R9 =0x0000000000008000 is an unknown value
R10=0x0000000000000000 is an unknown value
R11=0x0000000018caf9d5 is pointing into the stack for thread: 0x0000000016efd800
R12=0x0000000000000000 is an unknown value
R13=0x0000000016efe1e8 is an unknown value
R14=0x0000000000000000 is an unknown value
R15=0x0000000000000000 is an unknown value


Stack: [0x0000000018bb0000,0x0000000018cb0000],  sp=0x0000000018caf690,  free space=1021k
Native frames: (J=compiled Java code, j=interpreted, Vv=VM code, C=native code)
V  [jvm.dll+0x12a0a5]
V  [jvm.dll+0x34f76d]
C  [jdwp.dll+0x21a15]
C  [jdwp.dll+0x53b3]
C  [jdwp.dll+0x5571]
C  [jdwp.dll+0xf0a8]
C  [jdwp.dll+0x1f2d5]
C  [jdwp.dll+0x1f4aa]
V  [jvm.dll+0x1bd258]
V  [jvm.dll+0x2451a4]
V  [jvm.dll+0x29c18a]
C  [msvcr100.dll+0x21d9f]
C  [msvcr100.dll+0x21e3b]
C  [KERNEL32.DLL+0x8364]
C  [ntdll.dll+0x670d1]


---------------  P R O C E S S  ---------------

Java Threads: ( => current thread )
  0x0000000019ec5800 JavaThread "nioEventLoopGroup-2-2" [_thread_in_native, id=5620, stack(0x000000001ce00000,0x000000001cf00000)]
  0x0000000019b26000 JavaThread "Thread-2" daemon [_thread_blocked, id=8956, stack(0x000000001ca00000,0x000000001cb00000)]
  0x0000000019e2e800 JavaThread "nioEventLoopGroup-2-1" [_thread_in_native, id=13248, stack(0x000000001c700000,0x000000001c800000)]
  0x00000000194f8800 JavaThread "pool-3-thread-1" [_thread_blocked, id=12304, stack(0x000000001a2b0000,0x000000001a3b0000)]
  0x0000000016f73800 JavaThread "Service Thread" daemon [_thread_blocked, id=108, stack(0x00000000190b0000,0x00000000191b0000)]
  0x0000000016f6f000 JavaThread "C1 CompilerThread1" daemon [_thread_blocked, id=7232, stack(0x0000000018fb0000,0x00000000190b0000)]
  0x0000000016f14000 JavaThread "C2 CompilerThread0" daemon [_thread_blocked, id=12224, stack(0x0000000018eb0000,0x0000000018fb0000)]
  0x0000000016f04800 JavaThread "JDWP Command Reader" daemon [_thread_in_native, id=976, stack(0x0000000018db0000,0x0000000018eb0000)]
  0x0000000016f01000 JavaThread "JDWP Event Helper Thread" daemon [_thread_blocked, id=11340, stack(0x0000000018cb0000,0x0000000018db0000)]
=>0x0000000016efd800 JavaThread "JDWP Transport Listener: dt_socket" daemon [_thread_in_vm, id=12180, stack(0x0000000018bb0000,0x0000000018cb0000)]
  0x0000000016eeb000 JavaThread "Attach Listener" daemon [_thread_blocked, id=12396, stack(0x0000000017e30000,0x0000000017f30000)]
  0x0000000016ee8000 JavaThread "Signal Dispatcher" daemon [_thread_blocked, id=9280, stack(0x0000000017d30000,0x0000000017e30000)]
  0x0000000002568000 JavaThread "Finalizer" daemon [_thread_blocked, id=10164, stack(0x0000000017b30000,0x0000000017c30000)]
  0x000000000255e800 JavaThread "Reference Handler" daemon [_thread_blocked, id=6776, stack(0x0000000017a30000,0x0000000017b30000)]
  0x000000000230e800 JavaThread "main" [_thread_blocked, id=7612, stack(0x0000000002370000,0x0000000002470000)]

Other Threads:
  0x0000000016eb7000 VMThread [stack: 0x0000000017930000,0x0000000017a30000] [id=11928]
  0x0000000016f78800 WatcherThread [stack: 0x00000000191b0000,0x00000000192b0000] [id=13164]

VM state:not at safepoint (normal execution)

VM Mutex/Monitor currently owned by a thread: None

Heap:
 PSYoungGen      total 622592K, used 504915K [0x00000000d5900000, 0x0000000100000000, 0x0000000100000000)
  eden space 549888K, 86% used [0x00000000d5900000,0x00000000f2ad8e60,0x00000000f7200000)
  from space 72704K, 38% used [0x00000000f7200000,0x00000000f8d3c090,0x00000000fb900000)
  to   space 69120K, 0% used [0x00000000fbc80000,0x00000000fbc80000,0x0000000100000000)
 ParOldGen       total 253952K, used 187326K [0x0000000080a00000, 0x0000000090200000, 0x00000000d5900000)
  object space 253952K, 73% used [0x0000000080a00000,0x000000008c0efa00,0x0000000090200000)
 Metaspace       used 18791K, capacity 19094K, committed 19328K, reserved 1067008K
  class space    used 1987K, capacity 2119K, committed 2176K, reserved 1048576K

Card table byte_map: [0x0000000011930000,0x0000000011d30000] byte_map_base: 0x000000001152b000

Marking Bits: (ParMarkBitMap*) 0x0000000055dda6d0
 Begin Bits: [0x00000000121e0000, 0x00000000141b8000)
 End Bits:   [0x00000000141b8000, 0x0000000016190000)

Polling page: 0x00000000022d0000

CodeCache: size=245760Kb used=10603Kb max_used=10603Kb free=235156Kb
 bounds [0x0000000002570000, 0x0000000002fe0000, 0x0000000011570000]
 total_blobs=3337 nmethods=2943 adapters=315
 compilation: enabled

Compilation events (10 events):
Event: 1811.074 Thread 0x0000000016f6f000 3654 %     3       com.model.task.impl.RestoreStats::execute @ 13 (163 bytes)
Event: 1811.075 Thread 0x0000000016f6f000 nmethod 3654% 0x0000000002b88ed0 code [0x0000000002b89220, 0x0000000002b8aaf8]
Event: 1815.189 Thread 0x0000000016f6f000 3655       3       org.apache.commons.logging.LogFactory$1::run (4 bytes)
Event: 1815.189 Thread 0x0000000016f6f000 nmethod 3655 0x0000000002fc9850 code [0x0000000002fc99c0, 0x0000000002fc9c88]
Event: 1815.189 Thread 0x0000000016f6f000 3656       3       org.apache.commons.logging.impl.WeakHashtable::get (16 bytes)
Event: 1815.190 Thread 0x0000000016f6f000 nmethod 3656 0x0000000002fc8d50 code [0x0000000002fc8f00, 0x0000000002fc9488]
Event: 1815.190 Thread 0x0000000016f6f000 3657       3       org.apache.commons.logging.impl.WeakHashtable$Referenced::<init> (6 bytes)
Event: 1815.190 Thread 0x0000000016f6f000 nmethod 3657 0x0000000002fc84d0 code [0x0000000002fc8660, 0x0000000002fc8ad8]
Event: 1815.191 Thread 0x0000000016f6f000 3658       3       org.apache.commons.logging.impl.WeakHashtable$Referenced::<init> (25 bytes)
Event: 1815.191 Thread 0x0000000016f6f000 nmethod 3658 0x0000000002b88610 code [0x0000000002b887a0, 0x0000000002b88c88]

GC Heap History (10 events):
Event: 4.910 GC heap before
{Heap before GC invocations=10 (full 0):
 PSYoungGen      total 546304K, used 546304K [0x00000000d5900000, 0x0000000100000000, 0x0000000100000000)
  eden space 526848K, 100% used [0x00000000d5900000,0x00000000f5b80000,0x00000000f5b80000)
  from space 19456K, 100% used [0x00000000f5b80000,0x00000000f6e80000,0x00000000f6e80000)
  to   space 27136K, 0% used [0x00000000fe580000,0x00000000fe580000,0x0000000100000000)
 ParOldGen       total 87552K, used 26448K [0x0000000080a00000, 0x0000000085f80000, 0x00000000d5900000)
  object space 87552K, 30% used [0x0000000080a00000,0x00000000823d4158,0x0000000085f80000)
 Metaspace       used 4878K, capacity 5196K, committed 5504K, reserved 1056768K
  class space    used 526K, capacity 564K, committed 640K, reserved 1048576K
Event: 4.928 GC heap after
Heap after GC invocations=10 (full 0):
 PSYoungGen      total 659968K, used 26416K [0x00000000d5900000, 0x0000000100000000, 0x0000000100000000)
  eden space 632832K, 0% used [0x00000000d5900000,0x00000000d5900000,0x00000000fc300000)
  from space 27136K, 97% used [0x00000000fe580000,0x00000000fff4c250,0x0000000100000000)
  to   space 31232K, 0% used [0x00000000fc300000,0x00000000fc300000,0x00000000fe180000)
 ParOldGen       total 87552K, used 37464K [0x0000000080a00000, 0x0000000085f80000, 0x00000000d5900000)
  object space 87552K, 42% used [0x0000000080a00000,0x0000000082e96158,0x0000000085f80000)
 Metaspace       used 4878K, capacity 5196K, committed 5504K, reserved 1056768K
  class space    used 526K, capacity 564K, committed 640K, reserved 1048576K
}
Event: 7.308 GC heap before
{Heap before GC invocations=11 (full 0):
 PSYoungGen      total 659968K, used 659248K [0x00000000d5900000, 0x0000000100000000, 0x0000000100000000)
  eden space 632832K, 100% used [0x00000000d5900000,0x00000000fc300000,0x00000000fc300000)
  from space 27136K, 97% used [0x00000000fe580000,0x00000000fff4c250,0x0000000100000000)
  to   space 31232K, 0% used [0x00000000fc300000,0x00000000fc300000,0x00000000fe180000)
 ParOldGen       total 87552K, used 37464K [0x0000000080a00000, 0x0000000085f80000, 0x00000000d5900000)
  object space 87552K, 42% used [0x0000000080a00000,0x0000000082e96158,0x0000000085f80000)
 Metaspace       used 4878K, capacity 5196K, committed 5504K, reserved 1056768K
  class space    used 526K, capacity 564K, committed 640K, reserved 1048576K
Event: 7.332 GC heap after
Heap after GC invocations=11 (full 0):
 PSYoungGen      total 655360K, used 22272K [0x00000000d5900000, 0x0000000100000000, 0x0000000100000000)
  eden space 632832K, 0% used [0x00000000d5900000,0x00000000d5900000,0x00000000fc300000)
  from space 22528K, 98% used [0x00000000fc300000,0x00000000fd8c0000,0x00000000fd900000)
  to   space 32768K, 0% used [0x00000000fe000000,0x00000000fe000000,0x0000000100000000)
 ParOldGen       total 87552K, used 62712K [0x0000000080a00000, 0x0000000085f80000, 0x00000000d5900000)
  object space 87552K, 71% used [0x0000000080a00000,0x000000008473e158,0x0000000085f80000)
 Metaspace       used 4878K, capacity 5196K, committed 5504K, reserved 1056768K
  class space    used 526K, capacity 564K, committed 640K, reserved 1048576K
}
Event: 9.727 GC heap before
{Heap before GC invocations=12 (full 0):
 PSYoungGen      total 655360K, used 655104K [0x00000000d5900000, 0x0000000100000000, 0x0000000100000000)
  eden space 632832K, 100% used [0x00000000d5900000,0x00000000fc300000,0x00000000fc300000)
  from space 22528K, 98% used [0x00000000fc300000,0x00000000fd8c0000,0x00000000fd900000)
  to   space 32768K, 0% used [0x00000000fe000000,0x00000000fe000000,0x0000000100000000)
 ParOldGen       total 87552K, used 62712K [0x0000000080a00000, 0x0000000085f80000, 0x00000000d5900000)
  object space 87552K, 71% used [0x0000000080a00000,0x000000008473e158,0x0000000085f80000)
 Metaspace       used 4886K, capacity 5196K, committed 5504K, reserved 1056768K
  class space    used 527K, capacity 564K, committed 640K, reserved 1048576K
Event: 9.782 GC heap after
Heap after GC invocations=12 (full 0):
 PSYoungGen      total 582656K, used 32768K [0x00000000d5900000, 0x0000000100000000, 0x0000000100000000)
  eden space 549888K, 0% used [0x00000000d5900000,0x00000000d5900000,0x00000000f7200000)
  from space 32768K, 100% used [0x00000000fe000000,0x0000000100000000,0x0000000100000000)
  to   space 72704K, 0% used [0x00000000f7200000,0x00000000f7200000,0x00000000fb900000)
 ParOldGen       total 157696K, used 157473K [0x0000000080a00000, 0x000000008a400000, 0x00000000d5900000)
  object space 157696K, 99% used [0x0000000080a00000,0x000000008a3c84e8,0x000000008a400000)
 Metaspace       used 4886K, capacity 5196K, committed 5504K, reserved 1056768K
  class space    used 527K, capacity 564K, committed 640K, reserved 1048576K
}
Event: 9.782 GC heap before
{Heap before GC invocations=13 (full 1):
 PSYoungGen      total 582656K, used 32768K [0x00000000d5900000, 0x0000000100000000, 0x0000000100000000)
  eden space 549888K, 0% used [0x00000000d5900000,0x00000000d5900000,0x00000000f7200000)
  from space 32768K, 100% used [0x00000000fe000000,0x0000000100000000,0x0000000100000000)
  to   space 72704K, 0% used [0x00000000f7200000,0x00000000f7200000,0x00000000fb900000)
 ParOldGen       total 157696K, used 157473K [0x0000000080a00000, 0x000000008a400000, 0x00000000d5900000)
  object space 157696K, 99% used [0x0000000080a00000,0x000000008a3c84e8,0x000000008a400000)
 Metaspace       used 4886K, capacity 5196K, committed 5504K, reserved 1056768K
  class space    used 527K, capacity 564K, committed 640K, reserved 1048576K
Event: 9.909 GC heap after
Heap after GC invocations=13 (full 1):
 PSYoungGen      total 582656K, used 29525K [0x00000000d5900000, 0x0000000100000000, 0x0000000100000000)
  eden space 549888K, 0% used [0x00000000d5900000,0x00000000d5900000,0x00000000f7200000)
  from space 32768K, 90% used [0x00000000fe000000,0x00000000ffcd5658,0x0000000100000000)
  to   space 72704K, 0% used [0x00000000f7200000,0x00000000f7200000,0x00000000fb900000)
 ParOldGen       total 253952K, used 157690K [0x0000000080a00000, 0x0000000090200000, 0x00000000d5900000)
  object space 253952K, 62% used [0x0000000080a00000,0x000000008a3fe930,0x0000000090200000)
 Metaspace       used 4886K, capacity 5196K, committed 5504K, reserved 1056768K
  class space    used 527K, capacity 564K, committed 640K, reserved 1048576K
}
Event: 648.876 GC heap before
{Heap before GC invocations=14 (full 1):
 PSYoungGen      total 582656K, used 579413K [0x00000000d5900000, 0x0000000100000000, 0x0000000100000000)
  eden space 549888K, 100% used [0x00000000d5900000,0x00000000f7200000,0x00000000f7200000)
  from space 32768K, 90% used [0x00000000fe000000,0x00000000ffcd5658,0x0000000100000000)
  to   space 72704K, 0% used [0x00000000f7200000,0x00000000f7200000,0x00000000fb900000)
 ParOldGen       total 253952K, used 157690K [0x0000000080a00000, 0x0000000090200000, 0x00000000d5900000)
  object space 253952K, 62% used [0x0000000080a00000,0x000000008a3fe930,0x0000000090200000)
 Metaspace       used 14372K, capacity 14594K, committed 14848K, reserved 1062912K
  class space    used 1673K, capacity 1781K, committed 1792K, reserved 1048576K
Event: 648.939 GC heap after
Heap after GC invocations=14 (full 1):
 PSYoungGen      total 622592K, used 27888K [0x00000000d5900000, 0x0000000100000000, 0x0000000100000000)
  eden space 549888K, 0% used [0x00000000d5900000,0x00000000d5900000,0x00000000f7200000)
  from space 72704K, 38% used [0x00000000f7200000,0x00000000f8d3c090,0x00000000fb900000)
  to   space 69120K, 0% used [0x00000000fbc80000,0x00000000fbc80000,0x0000000100000000)
 ParOldGen       total 253952K, used 187326K [0x0000000080a00000, 0x0000000090200000, 0x00000000d5900000)
  object space 253952K, 73% used [0x0000000080a00000,0x000000008c0efa00,0x0000000090200000)
 Metaspace       used 14372K, capacity 14594K, committed 14848K, reserved 1062912K
  class space    used 1673K, capacity 1781K, committed 1792K, reserved 1048576K
}

Deoptimization events (10 events):
Event: 777.252 Thread 0x000000000230e800 Uncommon trap: reason=unstable_if action=reinterpret pc=0x00000000027bbdec method=com.model.game.character.MobileCharacterList.search(Ljava/util/function/Predicate;)Ljava/util/Optional; @ 21
Event: 779.092 Thread 0x00000000194f8800 Uncommon trap: reason=unstable_if action=reinterpret pc=0x0000000002a021f8 method=com.model.task.impl.RestoreSpecialStats.execute()V @ 34
Event: 779.804 Thread 0x00000000194f8800 Uncommon trap: reason=null_check action=make_not_entrant pc=0x00000000026f2414 method=java.lang.StringCoding.deref(Ljava/lang/ThreadLocal;)Ljava/lang/Object; @ 4
Event: 783.907 Thread 0x00000000194f8800 Uncommon trap: reason=unstable_if action=reinterpret pc=0x0000000002be1464 method=com.model.game.character.npc.NPC.process()V @ 292
Event: 784.499 Thread 0x00000000194f8800 Uncommon trap: reason=unstable_if action=reinterpret pc=0x0000000002bc6524 method=com.model.game.character.combat.nvp.NpcVsPlayerCombat.handleCombatTimer(Lcom/model/game/character/npc/NPC;)V @ 53
Event: 785.102 Thread 0x00000000194f8800 Uncommon trap: reason=unstable_if action=reinterpret pc=0x0000000002cb8bfc method=com.model.task.impl.NPCMovementTask.execute()V @ 217
Event: 791.080 Thread 0x00000000194f8800 Uncommon trap: reason=unstable_if action=reinterpret pc=0x0000000002d00318 method=com.model.game.character.combat.nvp.NpcVsPlayerCombat.handleCombatTimer(Lcom/model/game/character/npc/NPC;)V @ 34
Event: 819.284 Thread 0x00000000194f8800 Uncommon trap: reason=unstable_if action=reinterpret pc=0x0000000002d57eac method=com.model.game.character.npc.NpcUpdating.updateNPC(Lcom/model/game/character/player/Player;Lcom/model/net/network/rsa/GameBuffer;)V @ 100
Event: 990.285 Thread 0x0000000019ec5800 Uncommon trap: reason=unstable_if action=reinterpret pc=0x0000000002d944b0 method=io.netty.util.internal.MpscLinkedQueue.peekNode()Lio/netty/util/internal/MpscLinkedQueueNode; @ 19
Event: 1693.478 Thread 0x0000000019ec5800 Uncommon trap: reason=unstable_if action=reinterpret pc=0x0000000002d78b48 method=io.netty.util.internal.MpscLinkedQueue.peekNode()Lio/netty/util/internal/MpscLinkedQueueNode; @ 19

Internal exceptions (10 events):
Event: 11.222 Thread 0x00000000194f8800 Implicit null exception at 0x0000000002a21770 to 0x0000000002a21869
Event: 11.222 Thread 0x00000000194f8800 Implicit null exception at 0x00000000029eaaf0 to 0x00000000029eabe9
Event: 11.225 Thread 0x00000000194f8800 Implicit null exception at 0x0000000002974cb4 to 0x0000000002975045
Event: 11.347 Thread 0x00000000194f8800 Implicit null exception at 0x0000000002aa1b97 to 0x0000000002aa1f8b
Event: 11.429 Thread 0x000000000230e800 Exception <a 'java/lang/NoClassDefFoundError': javassist/ClassPath> (0x00000000e8da3378) thrown at [C:\re\workspace\8-2-build-windows-amd64-cygwin\jdk8u101\7261\hotspot\src\share\vm\classfile\systemDictionary.cpp, line 199]
Event: 11.819 Thread 0x000000000230e800 Exception <a 'java/lang/NoClassDefFoundError': org/apache/log4j/Priority> (0x00000000ea9a3250) thrown at [C:\re\workspace\8-2-build-windows-amd64-cygwin\jdk8u101\7261\hotspot\src\share\vm\classfile\systemDictionary.cpp, line 199]
Event: 775.506 Thread 0x0000000019ec5800 Exception <a 'java/lang/ArrayIndexOutOfBoundsException'> (0x00000000d955b378) thrown at [C:\re\workspace\8-2-build-windows-amd64-cygwin\jdk8u101\7261\hotspot\src\share\vm\runtime\sharedRuntime.cpp, line 605]
Event: 775.506 Thread 0x0000000019ec5800 Exception <a 'java/lang/ArrayIndexOutOfBoundsException'> (0x00000000d955c238) thrown at [C:\re\workspace\8-2-build-windows-amd64-cygwin\jdk8u101\7261\hotspot\src\share\vm\runtime\sharedRuntime.cpp, line 605]
Event: 775.561 Thread 0x0000000019ec5800 Exception <a 'java/lang/ArrayIndexOutOfBoundsException'> (0x00000000d97c3788) thrown at [C:\re\workspace\8-2-build-windows-amd64-cygwin\jdk8u101\7261\hotspot\src\share\vm\runtime\sharedRuntime.cpp, line 605]
Event: 779.804 Thread 0x00000000194f8800 Implicit null exception at 0x00000000026f170a to 0x00000000026f2405

Events (10 events):
Event: 1548.280 Thread 0x0000000016f14000 flushing nmethod 0x0000000002ca1410
Event: 1548.280 Thread 0x0000000016f14000 flushing nmethod 0x0000000002ca3c90
Event: 1552.191 Thread 0x0000000016f14000 flushing nmethod 0x0000000002cb5b50
Event: 1552.191 Thread 0x0000000016f14000 flushing nmethod 0x0000000002d0f610
Event: 1693.478 Thread 0x0000000019ec5800 Uncommon trap: trap_request=0xffffff65 fr.pc=0x0000000002d78b48
Event: 1693.478 Thread 0x0000000019ec5800 DEOPT PACKING pc=0x0000000002d78b48 sp=0x000000001cefeef0
Event: 1693.478 Thread 0x0000000019ec5800 DEOPT UNPACKING pc=0x00000000025b582a sp=0x000000001cefede0 mode 2
Event: 1815.190 Thread 0x0000000016f6f000 flushing nmethod 0x0000000002763010
Event: 1817.131 Executing VM operation: RedefineClasses
Event: 1817.149 Executing VM operation: RedefineClasses done


Dynamic libraries:
0x00007ff62b940000 - 0x00007ff62b977000 	C:\Program Files\Java\jre1.8.0_101\bin\javaw.exe
0x00007ffaaf360000 - 0x00007ffaaf531000 	C:\WINDOWS\SYSTEM32\ntdll.dll
0x00007ffaacf80000 - 0x00007ffaad02b000 	C:\WINDOWS\System32\KERNEL32.DLL
0x00007ffaabba0000 - 0x00007ffaabdbd000 	C:\WINDOWS\System32\KERNELBASE.dll
0x00007ffaacec0000 - 0x00007ffaacf62000 	C:\WINDOWS\System32\ADVAPI32.dll
0x00007ffaaf220000 - 0x00007ffaaf2be000 	C:\WINDOWS\System32\msvcrt.dll
0x00007ffaaf0a0000 - 0x00007ffaaf0f9000 	C:\WINDOWS\System32\sechost.dll
0x00007ffaac990000 - 0x00007ffaacab1000 	C:\WINDOWS\System32\RPCRT4.dll
0x00007ffaad720000 - 0x00007ffaad885000 	C:\WINDOWS\System32\USER32.dll
0x00007ffaab850000 - 0x00007ffaab86e000 	C:\WINDOWS\System32\win32u.dll
0x00007ffaaef20000 - 0x00007ffaaef54000 	C:\WINDOWS\System32\GDI32.dll
0x00007ffaab8c0000 - 0x00007ffaaba42000 	C:\WINDOWS\System32\gdi32full.dll
0x00007ffaa1330000 - 0x00007ffaa15aa000 	C:\WINDOWS\WinSxS\amd64_microsoft.windows.common-controls_6595b64144ccf1df_6.0.14393.953_none_42151e83c686086b\COMCTL32.dll
0x00007ffaacb90000 - 0x00007ffaace58000 	C:\WINDOWS\System32\combase.dll
0x00007ffaac550000 - 0x00007ffaac645000 	C:\WINDOWS\System32\ucrtbase.dll
0x00007ffaac880000 - 0x00007ffaac8ea000 	C:\WINDOWS\System32\bcryptPrimitives.dll
0x00007ffaaf330000 - 0x00007ffaaf35e000 	C:\WINDOWS\System32\IMM32.DLL
0x0000000055290000 - 0x0000000055362000 	C:\Program Files\Java\jre1.8.0_101\bin\msvcr100.dll
0x00000000555c0000 - 0x0000000055e5a000 	C:\Program Files\Java\jre1.8.0_101\bin\server\jvm.dll
0x00007ffaacf70000 - 0x00007ffaacf78000 	C:\WINDOWS\System32\PSAPI.DLL
0x00007ffa9fbc0000 - 0x00007ffa9fbc9000 	C:\WINDOWS\SYSTEM32\WSOCK32.dll
0x00007ffaacac0000 - 0x00007ffaacb2a000 	C:\WINDOWS\System32\WS2_32.dll
0x00007ffaa9af0000 - 0x00007ffaa9b13000 	C:\WINDOWS\SYSTEM32\WINMM.dll
0x00007ffaaa570000 - 0x00007ffaaa57a000 	C:\WINDOWS\SYSTEM32\VERSION.dll
0x00007ffaa9ac0000 - 0x00007ffaa9aeb000 	C:\WINDOWS\SYSTEM32\WINMMBASE.dll
0x00007ffaab870000 - 0x00007ffaab8b2000 	C:\WINDOWS\System32\cfgmgr32.dll
0x0000000056050000 - 0x000000005605f000 	C:\Program Files\Java\jre1.8.0_101\bin\verify.dll
0x0000000056020000 - 0x0000000056049000 	C:\Program Files\Java\jre1.8.0_101\bin\java.dll
0x0000000055250000 - 0x0000000055285000 	C:\Program Files\Java\jre1.8.0_101\bin\jdwp.dll
0x0000000055240000 - 0x0000000055248000 	C:\Program Files\Java\jre1.8.0_101\bin\npt.dll
0x0000000056000000 - 0x0000000056016000 	C:\Program Files\Java\jre1.8.0_101\bin\zip.dll
0x00007ffaada10000 - 0x00007ffaaef19000 	C:\WINDOWS\System32\SHELL32.dll
0x00007ffaabe70000 - 0x00007ffaac54a000 	C:\WINDOWS\System32\windows.storage.dll
0x00007ffaab7f0000 - 0x00007ffaab83c000 	C:\WINDOWS\System32\powrprof.dll
0x00007ffaacb30000 - 0x00007ffaacb82000 	C:\WINDOWS\System32\shlwapi.dll
0x00007ffaab7e0000 - 0x00007ffaab7ef000 	C:\WINDOWS\System32\kernel.appcore.dll
0x00007ffaabdc0000 - 0x00007ffaabe69000 	C:\WINDOWS\System32\shcore.dll
0x00007ffaab7c0000 - 0x00007ffaab7d4000 	C:\WINDOWS\System32\profapi.dll
0x0000000055230000 - 0x0000000055239000 	C:\Program Files\Java\jre1.8.0_101\bin\dt_socket.dll
0x00007ffa98040000 - 0x00007ffa98056000 	C:\WINDOWS\system32\napinsp.dll
0x00007ffa96730000 - 0x00007ffa9674a000 	C:\WINDOWS\system32\pnrpnsp.dll
0x00007ffaa9240000 - 0x00007ffaa9258000 	C:\WINDOWS\system32\NLAapi.dll
0x00007ffaab0f0000 - 0x00007ffaab14c000 	C:\WINDOWS\System32\mswsock.dll
0x00007ffaaaeb0000 - 0x00007ffaaaf51000 	C:\WINDOWS\SYSTEM32\DNSAPI.dll
0x00007ffaad560000 - 0x00007ffaad568000 	C:\WINDOWS\System32\NSI.dll
0x00007ffaaae70000 - 0x00007ffaaaea8000 	C:\WINDOWS\SYSTEM32\IPHLPAPI.DLL
0x00007ffa98060000 - 0x00007ffa9806e000 	C:\WINDOWS\System32\winrnr.dll
0x0000000057450000 - 0x0000000057476000 	C:\Program Files\Bonjour\mdnsNSP.dll
0x0000000180000000 - 0x000000018006d000 	C:\WINDOWS\system32\LavasoftTcpService64.dll
0x00007ffaaef60000 - 0x00007ffaaf097000 	C:\WINDOWS\System32\ole32.dll
0x00007ffaaf100000 - 0x00007ffaaf1bf000 	C:\WINDOWS\System32\OLEAUT32.dll
0x00007ffaabb00000 - 0x00007ffaabb9c000 	C:\WINDOWS\System32\msvcp_win.dll
0x00007ffaab4c0000 - 0x00007ffaab4ec000 	C:\WINDOWS\SYSTEM32\SspiCli.dll
0x00007ffaa4980000 - 0x00007ffaa49ea000 	C:\WINDOWS\System32\fwpuclnt.dll
0x00007ffaab3a0000 - 0x00007ffaab3cb000 	C:\WINDOWS\SYSTEM32\bcrypt.dll
0x00007ffaa9ec0000 - 0x00007ffaa9f55000 	C:\WINDOWS\system32\uxtheme.dll
0x00007ffa9f6b0000 - 0x00007ffa9f6ba000 	C:\Windows\System32\rasadhlp.dll
0x00007ffaac8f0000 - 0x00007ffaac98f000 	C:\WINDOWS\System32\clbcatq.dll
0x00007ffaab690000 - 0x00007ffaab728000 	C:\WINDOWS\SYSTEM32\sxs.dll
0x00000000555a0000 - 0x00000000555ba000 	C:\Program Files\Java\jre1.8.0_101\bin\net.dll
0x0000000055580000 - 0x0000000055591000 	C:\Program Files\Java\jre1.8.0_101\bin\nio.dll
0x00007ffaab290000 - 0x00007ffaab2a7000 	C:\WINDOWS\SYSTEM32\CRYPTSP.dll
0x00007ffaaacf0000 - 0x00007ffaaad23000 	C:\WINDOWS\system32\rsaenh.dll
0x00007ffaaaf70000 - 0x00007ffaaaf8f000 	C:\WINDOWS\SYSTEM32\USERENV.dll
0x00007ffaab2b0000 - 0x00007ffaab2bb000 	C:\WINDOWS\SYSTEM32\CRYPTBASE.dll
0x00007ffaa5250000 - 0x00007ffaa5266000 	C:\WINDOWS\SYSTEM32\dhcpcsvc6.DLL
0x00007ffaa56e0000 - 0x00007ffaa56fa000 	C:\WINDOWS\SYSTEM32\dhcpcsvc.DLL
0x0000000055550000 - 0x0000000055574000 	C:\Program Files\Java\jre1.8.0_101\bin\sunec.dll
0x00007ffaa0510000 - 0x00007ffaa06a2000 	C:\WINDOWS\SYSTEM32\dbghelp.dll

VM Arguments:
jvm_args: -agentlib:jdwp=transport=dt_socket,suspend=y,address=localhost:59258 -Dfile.encoding=Cp1252 
java_command: com.model.Server
java_class_path (initial): C:\Users\patrick\Dropbox\Luzoxpk\luzoxpk\Server\bin;C:\Users\patrick\Dropbox\Luzoxpk\luzoxpk\Server\lib\collisionmap.jar;C:\Users\patrick\Dropbox\Luzoxpk\luzoxpk\Server\lib\commons-compress-1.0.jar;C:\Users\patrick\Dropbox\Luzoxpk\luzoxpk\Server\lib\commons-io-2.4.jar;C:\Users\patrick\Dropbox\Luzoxpk\luzoxpk\Server\lib\commons-lang3-3.3.2.jar;C:\Users\patrick\Dropbox\Luzoxpk\luzoxpk\Server\lib\CopyLibs\org-netbeans-modules-java-j2seproject-copylibstask.jar;C:\Users\patrick\Dropbox\Luzoxpk\luzoxpk\Server\lib\gson-2.2.4.jar;C:\Users\patrick\Dropbox\Luzoxpk\luzoxpk\Server\lib\guava-18.0-javadoc.jar;C:\Users\patrick\Dropbox\Luzoxpk\luzoxpk\Server\lib\json-lib-2.4-jdk15.jar;C:\Users\patrick\Dropbox\Luzoxpk\luzoxpk\Server\lib\mchange-commons-java-0.2.8.jar;C:\Users\patrick\Dropbox\Luzoxpk\luzoxpk\Server\lib\mina-core-2.0.0-M6.jar;C:\Users\patrick\Dropbox\Luzoxpk\luzoxpk\Server\lib;C:\Users\patrick\Dropbox\Luzoxpk\luzoxpk\Server\lib\motiservice-api-1-0-2.jar;C:\Users\patrick\Dropbox\Luzoxpk\luzoxpk\Server\lib\mvgate2.jar;C:\Users\patrick\Dropbox\Luzoxpk\luzoxpk\Server\lib\mysql.jar;C:\Users\patrick\Dropbox\Luzoxpk\luzoxpk\Server\lib\netty-all-4.0.27.Final.jar;C:\Users\patrick\Dropbox\Luzoxpk\luzoxpk\Server\lib\spark-pebble-plugin-1.0.jar
Launcher Type: SUN_STANDARD

Environment Variables:
PATH=C:/Program Files/Java/jre1.8.0_101/bin/server;C:/Program Files/Java/jre1.8.0_101/bin;C:/Program Files/Java/jre1.8.0_101/lib/amd64;C:\ProgramData\Oracle\Java\javapath;C:\WINDOWS\system32;C:\WINDOWS;C:\WINDOWS\System32\Wbem;C:\WINDOWS\System32\WindowsPowerShell\v1.0\;C:\Program Files (x86)\Common Files\Acronis\SnapAPI\;C:\Program Files (x86)\Skype\Phone\;C:\Users\patrick\AppData\Local\Microsoft\WindowsApps;;C:\Users\patrick\eclipse\java-neon\eclipse;
USERNAME=patrick
OS=Windows_NT
PROCESSOR_IDENTIFIER=Intel64 Family 6 Model 60 Stepping 3, GenuineIntel



---------------  S Y S T E M  ---------------

OS: Windows 10.0 , 64 bit Build 14393 (10.0.14393.0)

CPU:total 2 (2 cores per cpu, 1 threads per core) family 6 model 60 stepping 3, cmov, cx8, fxsr, mmx, sse, sse2, sse3, ssse3, sse4.1, sse4.2, popcnt, clmul, erms, lzcnt, tsc, tscinvbit

Memory: 4k page, physical 8343868k(2244468k free), swap 10441020k(2528916k free)

vm_info: Java HotSpot(TM) 64-Bit Server VM (25.101-b13) for windows-amd64 JRE (1.8.0_101-b13), built on Jun 22 2016 01:21:29 by "java_re" with MS VC++ 10.0 (VS2010)

time: Sun Mar 26 20:08:59 2017
elapsed time: 1817 seconds (0d 0h 30m 17s)

