#
# A fatal error has been detected by the Java Runtime Environment:
#
#  EXCEPTION_ACCESS_VIOLATION (0xc0000005) at pc=0x000000006d55a0b9, pid=14212, tid=0x0000000000002694
#
# JRE version: Java(TM) SE Runtime Environment (8.0_101-b13) (build 1.8.0_101-b13)
# Java VM: Java HotSpot(TM) 64-Bit Server VM (25.101-b13 mixed mode windows-amd64 compressed oops)
# Problematic frame:
# V  [jvm.dll+0x12a0b9]
#
# Failed to write core dump. Minidumps are not enabled by default on client versions of Windows
#
# If you would like to submit a bug report, please visit:
#   http://bugreport.java.com/bugreport/crash.jsp
#

---------------  T H R E A D  ---------------

Current thread (0x0000000017423800):  JavaThread "JDWP Transport Listener: dt_socket" daemon [_thread_in_vm, id=9876, stack(0x0000000018e50000,0x0000000018f50000)]

siginfo: ExceptionCode=0xc0000005, reading address 0x000000737686de19

Registers:
RAX=0x0000000018f4f801, RBX=0x000000008bfcaae8, RCX=0x000000008bfcaae8, RDX=0x000000737686de09
RSP=0x0000000018f4f850, RBP=0x0000000019d9d580, RSI=0x0000000018f4f968, RDI=0x0000000002869a40
R8 =0x0000000017423800, R9 =0x0000000000008000, R10=0x0000000000000000, R11=0x0000000018f4fb95
R12=0x0000000000000000, R13=0x000000001742e308, R14=0x0000000000000000, R15=0x0000000000000000
RIP=0x000000006d55a0b9, EFLAGS=0x0000000000010206

Top of Stack: (sp=0x0000000018f4f850)
0x0000000018f4f850:   0000000017423800 0000000017423800
0x0000000018f4f860:   0000000018f4f918 000000006d762f0b
0x0000000018f4f870:   0000000017423800 000000006d77f76d
0x0000000018f4f880:   0000000000000000 000000006ed29155
0x0000000018f4f890:   00000000196b6118 000000006ed3291e
0x0000000018f4f8a0:   0000000017423800 0000000000000000
0x0000000018f4f8b0:   0000000000000000 0000000000000000
0x0000000018f4f8c0:   0000000019d9d580 000000006ed31a15
0x0000000018f4f8d0:   0000000018f4f968 0000000018f4f940
0x0000000018f4f8e0:   0000000000000001 00000000196b6118
0x0000000018f4f8f0:   0000000019d9d580 000000006ed153b3
0x0000000018f4f900:   0000000018f4fa30 0000000000000001
0x0000000018f4f910:   0000000000000001 00000000196b6118
0x0000000018f4f920:   0000000000000001 0000000000000000
0x0000000018f4f930:   0000000000000000 0000000000000000
0x0000000018f4f940:   0000000000000001 000000006ed15571 

Instructions: (pc=0x000000006d55a0b9)
0x000000006d55a099:   33 c0 48 83 c4 28 c3 48 89 5c 24 20 48 8b 19 48
0x000000006d55a0a9:   85 db 74 20 48 83 fb 37 74 1a 48 8b 13 48 8b cb
0x000000006d55a0b9:   ff 52 10 84 c0 74 0d 48 8b c3 48 8b 5c 24 20 48
0x000000006d55a0c9:   83 c4 28 c3 33 c0 48 8b 5c 24 20 48 83 c4 28 c3 


Register to memory mapping:

RAX=0x0000000018f4f801 is pointing into the stack for thread: 0x0000000017423800
RBX=0x000000008bfcaae8 is an oop
java.lang.Class 
 - klass: 'java/lang/Class'
RCX=0x000000008bfcaae8 is an oop
java.lang.Class 
 - klass: 'java/lang/Class'
RDX=0x000000737686de09 is an unknown value
RSP=0x0000000018f4f850 is pointing into the stack for thread: 0x0000000017423800
RBP=0x0000000019d9d580 is an unknown value
RSI=0x0000000018f4f968 is pointing into the stack for thread: 0x0000000017423800
RDI=0x0000000002869a40 is an unknown value
R8 =0x0000000017423800 is a thread
R9 =0x0000000000008000 is an unknown value
R10=0x0000000000000000 is an unknown value
R11=0x0000000018f4fb95 is pointing into the stack for thread: 0x0000000017423800
R12=0x0000000000000000 is an unknown value
R13=0x000000001742e308 is an unknown value
R14=0x0000000000000000 is an unknown value
R15=0x0000000000000000 is an unknown value


Stack: [0x0000000018e50000,0x0000000018f50000],  sp=0x0000000018f4f850,  free space=1022k
Native frames: (J=compiled Java code, j=interpreted, Vv=VM code, C=native code)
V  [jvm.dll+0x12a0b9]
V  [jvm.dll+0x34f76d]
C  [jdwp.dll+0x21a15]
C  [jdwp.dll+0x53b3]
C  [jdwp.dll+0x5571]
C  [jdwp.dll+0xf0a8]
C  [jdwp.dll+0x1f2d5]
C  [jdwp.dll+0x1f4aa]
V  [jvm.dll+0x1bd258]
V  [jvm.dll+0x2451a4]
V  [jvm.dll+0x29c18a]
C  [msvcr100.dll+0x21d9f]
C  [msvcr100.dll+0x21e3b]
C  [KERNEL32.DLL+0x8364]
C  [ntdll.dll+0x670d1]


---------------  P R O C E S S  ---------------

Java Threads: ( => current thread )
  0x000000001ca52800 JavaThread "nioEventLoopGroup-2-3" [_thread_in_native, id=3944, stack(0x000000001d260000,0x000000001d360000)]
  0x000000001a78b000 JavaThread "nioEventLoopGroup-2-2" [_thread_in_native, id=4544, stack(0x000000001cf60000,0x000000001d060000)]
  0x0000000019eb3000 JavaThread "Thread-2" daemon [_thread_blocked, id=10460, stack(0x000000001cc60000,0x000000001cd60000)]
  0x000000001a38f800 JavaThread "nioEventLoopGroup-2-1" [_thread_in_native, id=6452, stack(0x000000001b920000,0x000000001ba20000)]
  0x0000000019668800 JavaThread "pool-3-thread-1" [_thread_blocked, id=11452, stack(0x000000001b520000,0x000000001b620000)]
  0x00000000174a4000 JavaThread "Service Thread" daemon [_thread_blocked, id=13836, stack(0x0000000019350000,0x0000000019450000)]
  0x000000001749f000 JavaThread "C1 CompilerThread1" daemon [_thread_blocked, id=11624, stack(0x0000000019250000,0x0000000019350000)]
  0x0000000017444000 JavaThread "C2 CompilerThread0" daemon [_thread_blocked, id=7624, stack(0x0000000019150000,0x0000000019250000)]
  0x0000000017434800 JavaThread "JDWP Command Reader" daemon [_thread_in_native, id=9424, stack(0x0000000019050000,0x0000000019150000)]
  0x0000000017431000 JavaThread "JDWP Event Helper Thread" daemon [_thread_blocked, id=7540, stack(0x0000000018f50000,0x0000000019050000)]
=>0x0000000017423800 JavaThread "JDWP Transport Listener: dt_socket" daemon [_thread_in_vm, id=9876, stack(0x0000000018e50000,0x0000000018f50000)]
  0x000000001741b000 JavaThread "Attach Listener" daemon [_thread_blocked, id=6736, stack(0x0000000018370000,0x0000000018470000)]
  0x0000000017418000 JavaThread "Signal Dispatcher" daemon [_thread_blocked, id=13684, stack(0x0000000018270000,0x0000000018370000)]
  0x0000000002a98000 JavaThread "Finalizer" daemon [_thread_blocked, id=11372, stack(0x0000000018070000,0x0000000018170000)]
  0x0000000002a8e800 JavaThread "Reference Handler" daemon [_thread_blocked, id=9372, stack(0x0000000017f70000,0x0000000018070000)]
  0x000000000286e800 JavaThread "main" [_thread_blocked, id=10404, stack(0x00000000028a0000,0x00000000029a0000)]

Other Threads:
  0x00000000173e7000 VMThread [stack: 0x0000000017e70000,0x0000000017f70000] [id=9084]
  0x00000000174b8000 WatcherThread [stack: 0x0000000019850000,0x0000000019950000] [id=12916]

VM state:not at safepoint (normal execution)

VM Mutex/Monitor currently owned by a thread: None

Heap:
 PSYoungGen      total 377344K, used 97426K [0x00000000d5900000, 0x00000000f3380000, 0x0000000100000000)
  eden space 376320K, 25% used [0x00000000d5900000,0x00000000db7748a8,0x00000000ec880000)
  from space 1024K, 68% used [0x00000000ed900000,0x00000000ed9b0000,0x00000000eda00000)
  to   space 54784K, 0% used [0x00000000efe00000,0x00000000efe00000,0x00000000f3380000)
 ParOldGen       total 285696K, used 216025K [0x0000000080a00000, 0x0000000092100000, 0x00000000d5900000)
  object space 285696K, 75% used [0x0000000080a00000,0x000000008dcf6488,0x0000000092100000)
 Metaspace       used 17994K, capacity 18344K, committed 18816K, reserved 1067008K
  class space    used 1937K, capacity 2062K, committed 2176K, reserved 1048576K

Card table byte_map: [0x0000000011e60000,0x0000000012260000] byte_map_base: 0x0000000011a5b000

Marking Bits: (ParMarkBitMap*) 0x000000006dc4a6d0
 Begin Bits: [0x0000000012710000, 0x00000000146e8000)
 End Bits:   [0x00000000146e8000, 0x00000000166c0000)

Polling page: 0x0000000000f30000

CodeCache: size=245760Kb used=11600Kb max_used=11700Kb free=234159Kb
 bounds [0x0000000002aa0000, 0x0000000003630000, 0x0000000011aa0000]
 total_blobs=3537 nmethods=3143 adapters=315
 compilation: enabled

Compilation events (10 events):
Event: 12466.598 Thread 0x0000000017444000 4106       4       org.apache.http.message.BasicHeaderIterator::findNext (54 bytes)
Event: 12466.599 Thread 0x0000000017444000 nmethod 4106 0x0000000002e10110 code [0x0000000002e10260, 0x0000000002e10378]
Event: 12466.619 Thread 0x0000000017444000 4107       4       org.json.JSONObject::getString (53 bytes)
Event: 12466.627 Thread 0x0000000017444000 nmethod 4107 0x0000000003238190 code [0x0000000003238300, 0x0000000003238a38]
Event: 12636.088 Thread 0x000000001749f000 4108       1       java.net.SocketImpl::setSocket (6 bytes)
Event: 12636.088 Thread 0x000000001749f000 nmethod 4108 0x0000000002de8cd0 code [0x0000000002de8e20, 0x0000000002de8f50]
Event: 12922.941 Thread 0x0000000017444000 4109       4       org.apache.http.message.BasicTokenIterator::findTokenStart (192 bytes)
Event: 12922.948 Thread 0x0000000017444000 nmethod 4109 0x000000000321b6d0 code [0x000000000321b840, 0x000000000321bd38]
Event: 13076.223 Thread 0x0000000017444000 4110       4       org.apache.http.message.TokenParser::parseToken (107 bytes)
Event: 13076.238 Thread 0x0000000017444000 nmethod 4110 0x00000000035ee190 code [0x00000000035ee340, 0x00000000035ef188]

GC Heap History (10 events):
Event: 8354.183 GC heap before
{Heap before GC invocations=23 (full 2):
 PSYoungGen      total 516608K, used 471520K [0x00000000d5900000, 0x00000000fad00000, 0x0000000100000000)
  eden space 471040K, 100% used [0x00000000d5900000,0x00000000f2500000,0x00000000f2500000)
  from space 45568K, 1% used [0x00000000f8080000,0x00000000f80f8000,0x00000000fad00000)
  to   space 69632K, 0% used [0x00000000f2500000,0x00000000f2500000,0x00000000f6900000)
 ParOldGen       total 285696K, used 216017K [0x0000000080a00000, 0x0000000092100000, 0x00000000d5900000)
  object space 285696K, 75% used [0x0000000080a00000,0x000000008dcf4488,0x0000000092100000)
 Metaspace       used 17729K, capacity 18056K, committed 18432K, reserved 1064960K
  class space    used 1928K, capacity 2030K, committed 2048K, reserved 1048576K
Event: 8354.189 GC heap after
Heap after GC invocations=23 (full 2):
 PSYoungGen      total 451072K, used 544K [0x00000000d5900000, 0x00000000f9280000, 0x0000000100000000)
  eden space 450048K, 0% used [0x00000000d5900000,0x00000000d5900000,0x00000000f1080000)
  from space 1024K, 53% used [0x00000000f2500000,0x00000000f2588000,0x00000000f2600000)
  to   space 66560K, 0% used [0x00000000f5180000,0x00000000f5180000,0x00000000f9280000)
 ParOldGen       total 285696K, used 216025K [0x0000000080a00000, 0x0000000092100000, 0x00000000d5900000)
  object space 285696K, 75% used [0x0000000080a00000,0x000000008dcf6488,0x0000000092100000)
 Metaspace       used 17729K, capacity 18056K, committed 18432K, reserved 1064960K
  class space    used 1928K, capacity 2030K, committed 2048K, reserved 1048576K
}
Event: 9558.030 GC heap before
{Heap before GC invocations=24 (full 2):
 PSYoungGen      total 451072K, used 450592K [0x00000000d5900000, 0x00000000f9280000, 0x0000000100000000)
  eden space 450048K, 100% used [0x00000000d5900000,0x00000000f1080000,0x00000000f1080000)
  from space 1024K, 53% used [0x00000000f2500000,0x00000000f2588000,0x00000000f2600000)
  to   space 66560K, 0% used [0x00000000f5180000,0x00000000f5180000,0x00000000f9280000)
 ParOldGen       total 285696K, used 216025K [0x0000000080a00000, 0x0000000092100000, 0x00000000d5900000)
  object space 285696K, 75% used [0x0000000080a00000,0x000000008dcf6488,0x0000000092100000)
 Metaspace       used 17736K, capacity 18056K, committed 18432K, reserved 1064960K
  class space    used 1928K, capacity 2030K, committed 2048K, reserved 1048576K
Event: 9558.036 GC heap after
Heap after GC invocations=24 (full 2):
 PSYoungGen      total 471552K, used 608K [0x00000000d5900000, 0x00000000f7a00000, 0x0000000100000000)
  eden space 430080K, 0% used [0x00000000d5900000,0x00000000d5900000,0x00000000efd00000)
  from space 41472K, 1% used [0x00000000f5180000,0x00000000f5218000,0x00000000f7a00000)
  to   space 64000K, 0% used [0x00000000efd00000,0x00000000efd00000,0x00000000f3b80000)
 ParOldGen       total 285696K, used 216025K [0x0000000080a00000, 0x0000000092100000, 0x00000000d5900000)
  object space 285696K, 75% used [0x0000000080a00000,0x000000008dcf6488,0x0000000092100000)
 Metaspace       used 17736K, capacity 18056K, committed 18432K, reserved 1064960K
  class space    used 1928K, capacity 2030K, committed 2048K, reserved 1048576K
}
Event: 10706.561 GC heap before
{Heap before GC invocations=25 (full 2):
 PSYoungGen      total 471552K, used 430688K [0x00000000d5900000, 0x00000000f7a00000, 0x0000000100000000)
  eden space 430080K, 100% used [0x00000000d5900000,0x00000000efd00000,0x00000000efd00000)
  from space 41472K, 1% used [0x00000000f5180000,0x00000000f5218000,0x00000000f7a00000)
  to   space 64000K, 0% used [0x00000000efd00000,0x00000000efd00000,0x00000000f3b80000)
 ParOldGen       total 285696K, used 216025K [0x0000000080a00000, 0x0000000092100000, 0x00000000d5900000)
  object space 285696K, 75% used [0x0000000080a00000,0x000000008dcf6488,0x0000000092100000)
 Metaspace       used 17736K, capacity 18056K, committed 18432K, reserved 1064960K
  class space    used 1928K, capacity 2030K, committed 2048K, reserved 1048576K
Event: 10706.585 GC heap after
Heap after GC invocations=25 (full 2):
 PSYoungGen      total 412160K, used 640K [0x00000000d5900000, 0x00000000f6180000, 0x0000000100000000)
  eden space 411136K, 0% used [0x00000000d5900000,0x00000000d5900000,0x00000000eea80000)
  from space 1024K, 62% used [0x00000000efd00000,0x00000000efda0000,0x00000000efe00000)
  to   space 60928K, 0% used [0x00000000f2600000,0x00000000f2600000,0x00000000f6180000)
 ParOldGen       total 285696K, used 216025K [0x0000000080a00000, 0x0000000092100000, 0x00000000d5900000)
  object space 285696K, 75% used [0x0000000080a00000,0x000000008dcf6488,0x0000000092100000)
 Metaspace       used 17736K, capacity 18056K, committed 18432K, reserved 1064960K
  class space    used 1928K, capacity 2030K, committed 2048K, reserved 1048576K
}
Event: 11802.558 GC heap before
{Heap before GC invocations=26 (full 2):
 PSYoungGen      total 412160K, used 411776K [0x00000000d5900000, 0x00000000f6180000, 0x0000000100000000)
  eden space 411136K, 100% used [0x00000000d5900000,0x00000000eea80000,0x00000000eea80000)
  from space 1024K, 62% used [0x00000000efd00000,0x00000000efda0000,0x00000000efe00000)
  to   space 60928K, 0% used [0x00000000f2600000,0x00000000f2600000,0x00000000f6180000)
 ParOldGen       total 285696K, used 216025K [0x0000000080a00000, 0x0000000092100000, 0x00000000d5900000)
  object space 285696K, 75% used [0x0000000080a00000,0x000000008dcf6488,0x0000000092100000)
 Metaspace       used 17736K, capacity 18056K, committed 18432K, reserved 1064960K
  class space    used 1928K, capacity 2030K, committed 2048K, reserved 1048576K
Event: 11802.563 GC heap after
Heap after GC invocations=26 (full 2):
 PSYoungGen      total 430080K, used 640K [0x00000000d5900000, 0x00000000f4a00000, 0x0000000100000000)
  eden space 393216K, 0% used [0x00000000d5900000,0x00000000d5900000,0x00000000ed900000)
  from space 36864K, 1% used [0x00000000f2600000,0x00000000f26a0000,0x00000000f4a00000)
  to   space 57856K, 0% used [0x00000000ed900000,0x00000000ed900000,0x00000000f1180000)
 ParOldGen       total 285696K, used 216025K [0x0000000080a00000, 0x0000000092100000, 0x00000000d5900000)
  object space 285696K, 75% used [0x0000000080a00000,0x000000008dcf6488,0x0000000092100000)
 Metaspace       used 17736K, capacity 18056K, committed 18432K, reserved 1064960K
  class space    used 1928K, capacity 2030K, committed 2048K, reserved 1048576K
}
Event: 12847.926 GC heap before
{Heap before GC invocations=27 (full 2):
 PSYoungGen      total 430080K, used 393856K [0x00000000d5900000, 0x00000000f4a00000, 0x0000000100000000)
  eden space 393216K, 100% used [0x00000000d5900000,0x00000000ed900000,0x00000000ed900000)
  from space 36864K, 1% used [0x00000000f2600000,0x00000000f26a0000,0x00000000f4a00000)
  to   space 57856K, 0% used [0x00000000ed900000,0x00000000ed900000,0x00000000f1180000)
 ParOldGen       total 285696K, used 216025K [0x0000000080a00000, 0x0000000092100000, 0x00000000d5900000)
  object space 285696K, 75% used [0x0000000080a00000,0x000000008dcf6488,0x0000000092100000)
 Metaspace       used 17922K, capacity 18280K, committed 18560K, reserved 1064960K
  class space    used 1935K, capacity 2062K, committed 2176K, reserved 1048576K
Event: 12847.931 GC heap after
Heap after GC invocations=27 (full 2):
 PSYoungGen      total 377344K, used 704K [0x00000000d5900000, 0x00000000f3380000, 0x0000000100000000)
  eden space 376320K, 0% used [0x00000000d5900000,0x00000000d5900000,0x00000000ec880000)
  from space 1024K, 68% used [0x00000000ed900000,0x00000000ed9b0000,0x00000000eda00000)
  to   space 54784K, 0% used [0x00000000efe00000,0x00000000efe00000,0x00000000f3380000)
 ParOldGen       total 285696K, used 216025K [0x0000000080a00000, 0x0000000092100000, 0x00000000d5900000)
  object space 285696K, 75% used [0x0000000080a00000,0x000000008dcf6488,0x0000000092100000)
 Metaspace       used 17922K, capacity 18280K, committed 18560K, reserved 1064960K
  class space    used 1935K, capacity 2062K, committed 2176K, reserved 1048576K
}

Deoptimization events (10 events):
Event: 294.679 Thread 0x0000000019668800 Uncommon trap: reason=unstable_if action=reinterpret pc=0x000000000301f244 method=java.lang.Integer.getChars(II[C)V @ 7
Event: 294.701 Thread 0x0000000019668800 Uncommon trap: reason=unstable_if action=reinterpret pc=0x00000000030d5f30 method=java.util.concurrent.ConcurrentHashMap.addCount(JI)V @ 121
Event: 294.705 Thread 0x000000001ca52800 Uncommon trap: reason=unstable_if action=reinterpret pc=0x00000000030e6d4c method=java.util.HashMap.isEmpty()Z @ 4
Event: 294.804 Thread 0x000000001ca52800 Uncommon trap: reason=unstable_if action=reinterpret pc=0x0000000002e20110 method=io.netty.util.concurrent.DefaultPromise.isDone0(Ljava/lang/Object;)Z @ 8
Event: 294.806 Thread 0x0000000019668800 Uncommon trap: reason=unstable_if action=reinterpret pc=0x0000000003181a60 method=com.model.game.character.player.Player.flushOutStream()V @ 26
Event: 912.978 Thread 0x000000001a78b000 Uncommon trap: reason=unstable_if action=reinterpret pc=0x0000000002f7c10c method=java.util.concurrent.atomic.AtomicBoolean.getAndSet(Z)Z @ 11
Event: 4676.238 Thread 0x000000000286e800 Uncommon trap: reason=predicate action=maybe_recompile pc=0x00000000033eb10c method=java.lang.Throwable.printEnclosedStackTrace(Ljava/lang/Throwable$PrintStreamOrWriter;[Ljava/lang/StackTraceElement;Ljava/lang/String;Ljava/lang/String;Ljava/util/Set;)V @ 9ž¢&y=´@
Event: 5181.473 Thread 0x000000000286e800 Uncommon trap: reason=unstable_if action=reinterpret pc=0x0000000002e2628c method=java.util.LinkedList.node(I)Ljava/util/LinkedList$Node; @ 7
Event: 5181.528 Thread 0x000000000286e800 Uncommon trap: reason=unstable_if action=reinterpret pc=0x000000000311a738 method=java.util.concurrent.ConcurrentHashMap.putVal(Ljava/lang/Object;Ljava/lang/Object;Z)Ljava/lang/Object; @ 206
Event: 5181.751 Thread 0x000000000286e800 Uncommon trap: reason=unstable_if action=reinterpret pc=0x0000000002bedb90 method=org.apache.http.protocol.BasicHttpContext.setAttribute(Ljava/lang/String;Ljava/lang/Object;)V @ 8

Internal exceptions (10 events):
Event: 5081.391 Thread 0x000000000286e800 Exception <a 'java/net/UnknownHostException': luzoxpk.motivoters.com> (0x00000000e49d8438) thrown at [C:\re\workspace\8-2-build-windows-amd64-cygwin\jdk8u101\7261\hotspot\src\share\vm\prims\jni.cpp, line 735]
Event: 5091.394 Thread 0x000000000286e800 Exception <a 'java/net/UnknownHostException': luzoxpk.motivoters.com> (0x00000000e49fb868) thrown at [C:\re\workspace\8-2-build-windows-amd64-cygwin\jdk8u101\7261\hotspot\src\share\vm\prims\jni.cpp, line 735]
Event: 5101.398 Thread 0x000000000286e800 Exception <a 'java/net/UnknownHostException': luzoxpk.motivoters.com> (0x00000000e4a1ec98) thrown at [C:\re\workspace\8-2-build-windows-amd64-cygwin\jdk8u101\7261\hotspot\src\share\vm\prims\jni.cpp, line 735]
Event: 5111.405 Thread 0x000000000286e800 Exception <a 'java/net/UnknownHostException': luzoxpk.motivoters.com> (0x00000000e4a420c8) thrown at [C:\re\workspace\8-2-build-windows-amd64-cygwin\jdk8u101\7261\hotspot\src\share\vm\prims\jni.cpp, line 735]
Event: 5121.408 Thread 0x000000000286e800 Exception <a 'java/net/UnknownHostException': luzoxpk.motivoters.com> (0x00000000e4a654f8) thrown at [C:\re\workspace\8-2-build-windows-amd64-cygwin\jdk8u101\7261\hotspot\src\share\vm\prims\jni.cpp, line 735]
Event: 5131.410 Thread 0x000000000286e800 Exception <a 'java/net/UnknownHostException': luzoxpk.motivoters.com> (0x00000000e4a88928) thrown at [C:\re\workspace\8-2-build-windows-amd64-cygwin\jdk8u101\7261\hotspot\src\share\vm\prims\jni.cpp, line 735]
Event: 5141.412 Thread 0x000000000286e800 Exception <a 'java/net/UnknownHostException': luzoxpk.motivoters.com> (0x00000000e4aabd58) thrown at [C:\re\workspace\8-2-build-windows-amd64-cygwin\jdk8u101\7261\hotspot\src\share\vm\prims\jni.cpp, line 735]
Event: 5151.419 Thread 0x000000000286e800 Exception <a 'java/net/UnknownHostException': luzoxpk.motivoters.com> (0x00000000e4acf188) thrown at [C:\re\workspace\8-2-build-windows-amd64-cygwin\jdk8u101\7261\hotspot\src\share\vm\prims\jni.cpp, line 735]
Event: 5161.423 Thread 0x000000000286e800 Exception <a 'java/net/UnknownHostException': luzoxpk.motivoters.com> (0x00000000e6e451d8) thrown at [C:\re\workspace\8-2-build-windows-amd64-cygwin\jdk8u101\7261\hotspot\src\share\vm\prims\jni.cpp, line 735]
Event: 5171.425 Thread 0x000000000286e800 Exception <a 'java/net/UnknownHostException': luzoxpk.motivoters.com> (0x00000000e6e68608) thrown at [C:\re\workspace\8-2-build-windows-amd64-cygwin\jdk8u101\7261\hotspot\src\share\vm\prims\jni.cpp, line 735]

Events (10 events):
Event: 12576.620 Thread 0x000000001a38f800 DEOPT PACKING pc=0x0000000003317b8e sp=0x000000001ba1f3a0
Event: 12576.620 Thread 0x000000001a38f800 DEOPT UNPACKING pc=0x0000000002ae747f sp=0x000000001ba1f0c0 mode 0
Event: 12636.088 Thread 0x000000001749f000 flushing nmethod 0x00000000033f5250
Event: 12636.088 Thread 0x000000001749f000 flushing nmethod 0x00000000033f99d0
Event: 12636.088 Thread 0x000000001749f000 flushing nmethod 0x000000000343c3d0
Event: 12636.088 Thread 0x000000001749f000 flushing nmethod 0x0000000003445510
Event: 12847.926 Executing VM operation: ParallelGCFailedAllocation
Event: 12847.932 Executing VM operation: ParallelGCFailedAllocation done
Event: 13090.947 Executing VM operation: RedefineClasses
Event: 13090.982 Executing VM operation: RedefineClasses done


Dynamic libraries:
0x00007ff6735c0000 - 0x00007ff6735f7000 	C:\Program Files\Java\jre1.8.0_101\bin\javaw.exe
0x00007ff813a20000 - 0x00007ff813bf1000 	C:\WINDOWS\SYSTEM32\ntdll.dll
0x00007ff812250000 - 0x00007ff8122fb000 	C:\WINDOWS\System32\KERNEL32.DLL
0x00007ff810d40000 - 0x00007ff810f5d000 	C:\WINDOWS\System32\KERNELBASE.dll
0x00007ff811ab0000 - 0x00007ff811b52000 	C:\WINDOWS\System32\ADVAPI32.dll
0x00007ff8116f0000 - 0x00007ff81178e000 	C:\WINDOWS\System32\msvcrt.dll
0x00007ff810fb0000 - 0x00007ff811009000 	C:\WINDOWS\System32\sechost.dll
0x00007ff811980000 - 0x00007ff811aa1000 	C:\WINDOWS\System32\RPCRT4.dll
0x00007ff8138b0000 - 0x00007ff813a15000 	C:\WINDOWS\System32\USER32.dll
0x00007ff810c20000 - 0x00007ff810c3e000 	C:\WINDOWS\System32\win32u.dll
0x00007ff811810000 - 0x00007ff811844000 	C:\WINDOWS\System32\GDI32.dll
0x00007ff8102a0000 - 0x00007ff810422000 	C:\WINDOWS\System32\gdi32full.dll
0x00007ffffac90000 - 0x00007ffffaf0a000 	C:\WINDOWS\WinSxS\amd64_microsoft.windows.common-controls_6595b64144ccf1df_6.0.14393.953_none_42151e83c686086b\COMCTL32.dll
0x00007ff811c20000 - 0x00007ff811ee8000 	C:\WINDOWS\System32\combase.dll
0x00007ff810c40000 - 0x00007ff810d35000 	C:\WINDOWS\System32\ucrtbase.dll
0x00007ff810bb0000 - 0x00007ff810c1a000 	C:\WINDOWS\System32\bcryptPrimitives.dll
0x00007ff811950000 - 0x00007ff81197e000 	C:\WINDOWS\System32\IMM32.DLL
0x000000006ed50000 - 0x000000006ee22000 	C:\Program Files\Java\jre1.8.0_101\bin\msvcr100.dll
0x000000006d430000 - 0x000000006dcca000 	C:\Program Files\Java\jre1.8.0_101\bin\server\jvm.dll
0x00007ff811850000 - 0x00007ff811858000 	C:\WINDOWS\System32\PSAPI.DLL
0x00007ff8041c0000 - 0x00007ff8041c9000 	C:\WINDOWS\SYSTEM32\WSOCK32.dll
0x00007ff8117a0000 - 0x00007ff81180a000 	C:\WINDOWS\System32\WS2_32.dll
0x00007ff80e340000 - 0x00007ff80e363000 	C:\WINDOWS\SYSTEM32\WINMM.dll
0x00007ff80ec30000 - 0x00007ff80ec3a000 	C:\WINDOWS\SYSTEM32\VERSION.dll
0x00007ff80e310000 - 0x00007ff80e33b000 	C:\WINDOWS\SYSTEM32\WINMMBASE.dll
0x00007ff810f60000 - 0x00007ff810fa2000 	C:\WINDOWS\System32\cfgmgr32.dll
0x000000006d420000 - 0x000000006d42f000 	C:\Program Files\Java\jre1.8.0_101\bin\verify.dll
0x000000006d3f0000 - 0x000000006d419000 	C:\Program Files\Java\jre1.8.0_101\bin\java.dll
0x000000006ed10000 - 0x000000006ed45000 	C:\Program Files\Java\jre1.8.0_101\bin\jdwp.dll
0x000000006ed00000 - 0x000000006ed08000 	C:\Program Files\Java\jre1.8.0_101\bin\npt.dll
0x000000006d3d0000 - 0x000000006d3e6000 	C:\Program Files\Java\jre1.8.0_101\bin\zip.dll
0x00007ff8123a0000 - 0x00007ff8138a9000 	C:\WINDOWS\System32\SHELL32.dll
0x00007ff810430000 - 0x00007ff810b0a000 	C:\WINDOWS\System32\windows.storage.dll
0x00007ff80fea0000 - 0x00007ff80feec000 	C:\WINDOWS\System32\powrprof.dll
0x00007ff8118f0000 - 0x00007ff811942000 	C:\WINDOWS\System32\shlwapi.dll
0x00007ff80fe90000 - 0x00007ff80fe9f000 	C:\WINDOWS\System32\kernel.appcore.dll
0x00007ff810140000 - 0x00007ff8101e9000 	C:\WINDOWS\System32\shcore.dll
0x00007ff80fef0000 - 0x00007ff80ff04000 	C:\WINDOWS\System32\profapi.dll
0x000000006ecf0000 - 0x000000006ecf9000 	C:\Program Files\Java\jre1.8.0_101\bin\dt_socket.dll
0x00007ffffe9c0000 - 0x00007ffffe9d6000 	C:\WINDOWS\system32\napinsp.dll
0x00007ffffc600000 - 0x00007ffffc61a000 	C:\WINDOWS\system32\pnrpnsp.dll
0x00007ff80c7b0000 - 0x00007ff80c7c8000 	C:\WINDOWS\system32\NLAapi.dll
0x00007ff80f750000 - 0x00007ff80f7ac000 	C:\WINDOWS\System32\mswsock.dll
0x00007ff80f510000 - 0x00007ff80f5b1000 	C:\WINDOWS\SYSTEM32\DNSAPI.dll
0x00007ff811790000 - 0x00007ff811798000 	C:\WINDOWS\System32\NSI.dll
0x00007ff80f4d0000 - 0x00007ff80f508000 	C:\WINDOWS\SYSTEM32\IPHLPAPI.DLL
0x00007ff800000000 - 0x00007ff80000e000 	C:\WINDOWS\System32\winrnr.dll
0x000000006f320000 - 0x000000006f346000 	C:\Program Files\Bonjour\mdnsNSP.dll
0x0000000180000000 - 0x000000018006d000 	C:\WINDOWS\system32\LavasoftTcpService64.dll
0x00007ff8120b0000 - 0x00007ff8121e7000 	C:\WINDOWS\System32\ole32.dll
0x00007ff811b60000 - 0x00007ff811c1f000 	C:\WINDOWS\System32\OLEAUT32.dll
0x00007ff810b10000 - 0x00007ff810bac000 	C:\WINDOWS\System32\msvcp_win.dll
0x00007ff80fb50000 - 0x00007ff80fb7c000 	C:\WINDOWS\SYSTEM32\SspiCli.dll
0x00007ff808670000 - 0x00007ff8086da000 	C:\WINDOWS\System32\fwpuclnt.dll
0x00007ff80fdc0000 - 0x00007ff80fdeb000 	C:\WINDOWS\SYSTEM32\bcrypt.dll
0x00007ff80e5c0000 - 0x00007ff80e655000 	C:\WINDOWS\system32\uxtheme.dll
0x00007ff800c10000 - 0x00007ff800c1a000 	C:\Windows\System32\rasadhlp.dll
0x00007ff812300000 - 0x00007ff81239f000 	C:\WINDOWS\System32\clbcatq.dll
0x00007ff80fd20000 - 0x00007ff80fdb8000 	C:\WINDOWS\SYSTEM32\sxs.dll
0x000000006d3b0000 - 0x000000006d3ca000 	C:\Program Files\Java\jre1.8.0_101\bin\net.dll
0x000000006d390000 - 0x000000006d3a1000 	C:\Program Files\Java\jre1.8.0_101\bin\nio.dll
0x00007ff80f8f0000 - 0x00007ff80f907000 	C:\WINDOWS\SYSTEM32\CRYPTSP.dll
0x00007ff80f350000 - 0x00007ff80f383000 	C:\WINDOWS\system32\rsaenh.dll
0x00007ff80f5d0000 - 0x00007ff80f5ef000 	C:\WINDOWS\SYSTEM32\USERENV.dll
0x00007ff80f910000 - 0x00007ff80f91b000 	C:\WINDOWS\SYSTEM32\CRYPTBASE.dll
0x00007ff809800000 - 0x00007ff809816000 	C:\WINDOWS\SYSTEM32\dhcpcsvc6.DLL
0x00007ff809a60000 - 0x00007ff809a7a000 	C:\WINDOWS\SYSTEM32\dhcpcsvc.DLL
0x000000006d360000 - 0x000000006d384000 	C:\Program Files\Java\jre1.8.0_101\bin\sunec.dll
0x00007ff80c7d0000 - 0x00007ff80c962000 	C:\WINDOWS\SYSTEM32\dbghelp.dll

VM Arguments:
jvm_args: -agentlib:jdwp=transport=dt_socket,suspend=y,address=localhost:59467 -Dfile.encoding=Cp1252 
java_command: com.model.Server
java_class_path (initial): C:\Users\patrick\Dropbox\Luzoxpk\luzoxpk\Server\bin;C:\Users\patrick\Dropbox\Luzoxpk\luzoxpk\Server\lib\collisionmap.jar;C:\Users\patrick\Dropbox\Luzoxpk\luzoxpk\Server\lib\commons-compress-1.0.jar;C:\Users\patrick\Dropbox\Luzoxpk\luzoxpk\Server\lib\commons-io-2.4.jar;C:\Users\patrick\Dropbox\Luzoxpk\luzoxpk\Server\lib\commons-lang3-3.3.2.jar;C:\Users\patrick\Dropbox\Luzoxpk\luzoxpk\Server\lib\CopyLibs\org-netbeans-modules-java-j2seproject-copylibstask.jar;C:\Users\patrick\Dropbox\Luzoxpk\luzoxpk\Server\lib\gson-2.2.4.jar;C:\Users\patrick\Dropbox\Luzoxpk\luzoxpk\Server\lib\guava-18.0-javadoc.jar;C:\Users\patrick\Dropbox\Luzoxpk\luzoxpk\Server\lib\json-lib-2.4-jdk15.jar;C:\Users\patrick\Dropbox\Luzoxpk\luzoxpk\Server\lib\mchange-commons-java-0.2.8.jar;C:\Users\patrick\Dropbox\Luzoxpk\luzoxpk\Server\lib\mina-core-2.0.0-M6.jar;C:\Users\patrick\Dropbox\Luzoxpk\luzoxpk\Server\lib;C:\Users\patrick\Dropbox\Luzoxpk\luzoxpk\Server\lib\motiservice-api-1-0-2.jar;C:\Users\patrick\Dropbox\Luzoxpk\luzoxpk\Server\lib\mvgate2.jar;C:\Users\patrick\Dropbox\Luzoxpk\luzoxpk\Server\lib\mysql.jar;C:\Users\patrick\Dropbox\Luzoxpk\luzoxpk\Server\lib\netty-all-4.0.27.Final.jar;C:\Users\patrick\Dropbox\Luzoxpk\luzoxpk\Server\lib\spark-pebble-plugin-1.0.jar
Launcher Type: SUN_STANDARD

Environment Variables:
PATH=C:/Program Files/Java/jre1.8.0_101/bin/server;C:/Program Files/Java/jre1.8.0_101/bin;C:/Program Files/Java/jre1.8.0_101/lib/amd64;C:\ProgramData\Oracle\Java\javapath;C:\WINDOWS\system32;C:\WINDOWS;C:\WINDOWS\System32\Wbem;C:\WINDOWS\System32\WindowsPowerShell\v1.0\;C:\Program Files (x86)\Common Files\Acronis\SnapAPI\;C:\Program Files (x86)\Skype\Phone\;C:\Users\patrick\AppData\Local\Microsoft\WindowsApps;;C:\Users\patrick\eclipse\java-neon\eclipse;
USERNAME=patrick
OS=Windows_NT
PROCESSOR_IDENTIFIER=Intel64 Family 6 Model 60 Stepping 3, GenuineIntel



---------------  S Y S T E M  ---------------

OS: Windows 10.0 , 64 bit Build 14393 (10.0.14393.0)

CPU:total 2 (2 cores per cpu, 1 threads per core) family 6 model 60 stepping 3, cmov, cx8, fxsr, mmx, sse, sse2, sse3, ssse3, sse4.1, sse4.2, popcnt, clmul, erms, lzcnt, tsc, tscinvbit

Memory: 4k page, physical 8343868k(2779152k free), swap 11227452k(2774984k free)

vm_info: Java HotSpot(TM) 64-Bit Server VM (25.101-b13) for windows-amd64 JRE (1.8.0_101-b13), built on Jun 22 2016 01:21:29 by "java_re" with MS VC++ 10.0 (VS2010)

time: Wed Mar 22 20:55:45 2017
elapsed time: 13091 seconds (0d 3h 38m 11s)

